

Método main

FT01 - Number of basic blocks in the method: 15
FT02 - Number of basic blocks with a single successor: 6
FT03 - Number of basic blocks with two successors: 8
FT04 - Number of basic blocks with more than two successors: 0
FT05 - Number of basic blocks with a single predecessor: 12
FT06 - Number of basic blocks with two predecessors: 2
FT07 - Number of basic blocks with more than two predecessors: 1
FT08 - Number of basic blocks with a single predecessor and a single successor: 6
FT09 - Number of basic blocks with a single predecessor and two successors: 6
FT10 - Number of basic blocks with a two predecessors and one successor: 0
FT11 - Number of basic blocks with two successors and two predecessors: 2
FT12 - Number of basic blocks with more than two successors and more than two predecessors: 0
FT13 - Number of basic blocks with number of instructions less than 15: 15
FT14 - Number of basic blocks with number of instructions in the interval [15, 500]: 0
FT15 - Number of basic blocks with number of instructions greater than 500: 0
FT16 - Number of edges in the control flow graph: 23
FT17 - Number of critical edges in the control flow graph: 6
FT18 - Number of abnormal edges in the control flow graph: 0
FT19 - Number of direct calls in the method: 6
FT20 - Number of conditional branches in the method: 2
FT21 - Number of assignment instructions in the method: 33
FT22 - Number of unconditional branches in the method: 0
FT25 - Number of instructions in the method: 45
FT26 - Average of number of instructions in basic blocks: 3
FT27 - Average of number of phi-nodes at the beginning of a basic block: 0
FT28 - Average of arguments for a phi-node: 0
FT29 - Number of basic blocks with no phi nodes: 15
FT30 - Number of basic blocks with phi nodes in the interval [0, 3]: 0
FT31 - Number of basic blocks with more than 3 phi nodes: 0
FT32 - Number of basic block where total number of arguments for all phi-nodes is in greater than 5: 0
FT33 - Number of basic block where total number of arguments for all phi-nodes is in the interval [1, 5]: 0
FT34 - Number of switch instructions in the method: 0
FT35 - Number of unary operations in the method: 0
FT41 - Number of assignment instructions with the left operand an integer constant in the method: 0
FT42 - Number of binary operations with one of the operands an integer constant in the method: 2
FT43 - Number of calls with pointers as arguments: 6
FT44 - Number of calls with the number of arguments is greater than 4: 2
FT45 - Number of calls that return a pointer: 0
FT46 - Number of calls that return an integer: 4
FT47 - Number of occurrences of integer constant zero: 7
FT48 - Number of occurrences of 32-bit integer constants: 9
FT49 - Number of occurrences of integer constant one: 0
FT50 - Number of occurrences of 64-bit integer constants: 2
FT51 - Number of references of local variables in the method: 42
FT52 - Number of references (def/use) of static/extern variables in the method: 0
FT53 - Number of local variables referred in the method: 42
FT54 - Number of static/extern variables referred in the method: 0
FT55 - Number of local variables that are pointers in the method: 0
FT56 - Number of static/extern variables that are pointers in the method: 0


Método Program

FT01 - Number of basic blocks in the method: 15
FT02 - Number of basic blocks with a single successor: 6
FT03 - Number of basic blocks with two successors: 8
FT04 - Number of basic blocks with more than two successors: 0
FT05 - Number of basic blocks with a single predecessor: 12
FT06 - Number of basic blocks with two predecessors: 2
FT07 - Number of basic blocks with more than two predecessors: 1
FT08 - Number of basic blocks with a single predecessor and a single successor: 6
FT09 - Number of basic blocks with a single predecessor and two successors: 6
FT10 - Number of basic blocks with a two predecessors and one successor: 0
FT11 - Number of basic blocks with two successors and two predecessors: 2
FT12 - Number of basic blocks with more than two successors and more than two predecessors: 0
FT13 - Number of basic blocks with number of instructions less than 15: 15
FT14 - Number of basic blocks with number of instructions in the interval [15, 500]: 0
FT15 - Number of basic blocks with number of instructions greater than 500: 0
FT16 - Number of edges in the control flow graph: 23
FT17 - Number of critical edges in the control flow graph: 6
FT18 - Number of abnormal edges in the control flow graph: 0
FT19 - Number of direct calls in the method: 6
FT20 - Number of conditional branches in the method: 2
FT21 - Number of assignment instructions in the method: 33
FT22 - Number of unconditional branches in the method: 0
FT25 - Number of instructions in the method: 45
FT26 - Average of number of instructions in basic blocks: 3
FT27 - Average of number of phi-nodes at the beginning of a basic block: 0
FT28 - Average of arguments for a phi-node: 0
FT29 - Number of basic blocks with no phi nodes: 15
FT30 - Number of basic blocks with phi nodes in the interval [0, 3]: 0
FT31 - Number of basic blocks with more than 3 phi nodes: 0
FT32 - Number of basic block where total number of arguments for all phi-nodes is in greater than 5: 0
FT33 - Number of basic block where total number of arguments for all phi-nodes is in the interval [1, 5]: 0
FT34 - Number of switch instructions in the method: 0
FT35 - Number of unary operations in the method: 0
FT41 - Number of assignment instructions with the left operand an integer constant in the method: 0
FT42 - Number of binary operations with one of the operands an integer constant in the method: 2
FT43 - Number of calls with pointers as arguments: 6
FT44 - Number of calls with the number of arguments is greater than 4: 2
FT45 - Number of calls that return a pointer: 0
FT46 - Number of calls that return an integer: 4
FT47 - Number of occurrences of integer constant zero: 7
FT48 - Number of occurrences of 32-bit integer constants: 9
FT49 - Number of occurrences of integer constant one: 0
FT50 - Number of occurrences of 64-bit integer constants: 2
FT51 - Number of references of local variables in the method: 42
FT52 - Number of references (def/use) of static/extern variables in the method: 0
FT53 - Number of local variables referred in the method: 42
FT54 - Number of static/extern variables referred in the method: 0
FT55 - Number of local variables that are pointers in the method: 0
FT56 - Number of static/extern variables that are pointers in the method: 0
