

Método main

FT01 - Number of basic blocks in the method: 29
FT02 - Number of basic blocks with a single successor: 9
FT03 - Number of basic blocks with two successors: 15
FT04 - Number of basic blocks with more than two successors: 0
FT05 - Number of basic blocks with a single predecessor: 20
FT06 - Number of basic blocks with two predecessors: 8
FT07 - Number of basic blocks with more than two predecessors: 1
FT08 - Number of basic blocks with a single predecessor and a single successor: 8
FT09 - Number of basic blocks with a single predecessor and two successors: 9
FT10 - Number of basic blocks with a two predecessors and one successor: 1
FT11 - Number of basic blocks with two successors and two predecessors: 5
FT12 - Number of basic blocks with more than two successors and more than two predecessors: 0
FT13 - Number of basic blocks with number of instructions less than 15: 29
FT14 - Number of basic blocks with number of instructions in the interval [15, 500]: 0
FT15 - Number of basic blocks with number of instructions greater than 500: 0
FT16 - Number of edges in the control flow graph: 40
FT17 - Number of critical edges in the control flow graph: 12
FT18 - Number of abnormal edges in the control flow graph: 0
FT19 - Number of direct calls in the method: 34
FT20 - Number of conditional branches in the method: 15
FT21 - Number of assignment instructions in the method: 70
FT22 - Number of unconditional branches in the method: 0
FT23 - Number of binary integer operations in the method: 9
FT24 - Number of binary floating point operations in the method: 0
FT25 - Number of instructions in the method: 121
FT26 - Average of number of instructions in basic blocks: 4
FT27 - Average of number of phi-nodes at the beginning of a basic block: 0
FT28 - Average of arguments for a phi-node: 0
FT29 - Number of basic blocks with no phi nodes: 29
FT30 - Number of basic blocks with phi nodes in the interval [0, 3]: 0
FT31 - Number of basic blocks with more than 3 phi nodes: 0
FT32 - Number of basic block where total number of arguments for all phi-nodes is in greater than 5: 0
FT33 - Number of basic block where total number of arguments for all phi-nodes is in the interval [1, 5]: 0
FT34 - Number of switch instructions in the method: 0
FT35 - Number of unary operations in the method: 9
FT36 - Number of instruction that do pointer arithmetic in the method: 4
FT37 - Number of indirect references via pointers (* in C): 0
FT38 - Number of times the address of a variables is taken (& in C): 0
FT39 - Number of times the address of a function is taken (& in C): 0
FT40 - Number of indirect calls (i.e. done via pointers) in the method: 0
FT41 - Number of assignment instructions with the left operand an integer constant in the method: 0
FT42 - Number of binary operations with one of the operands an integer constant in the method: 7
FT43 - Number of calls with pointers as arguments: 22
FT44 - Number of calls with the number of arguments is greater than 4: 0
FT45 - Number of calls that return a pointer: 9
FT46 - Number of calls that return an integer: 16
FT47 - Number of occurrences of integer constant zero: 13
FT48 - Number of occurrences of 32-bit integer constants: 23
FT49 - Number of occurrences of integer constant one: 14
FT50 - Number of occurrences of 64-bit integer constants: 24
FT51 - Number of references of local variables in the method: 20
FT52 - Number of references (def/use) of static/extern variables in the method: 14
FT53 - Number of local variables referred in the method: 20
FT54 - Number of static/extern variables referred in the method: 14
FT55 - Number of local variables that are pointers in the method: 15
FT56 - Number of static/extern variables that are pointers in the method: 12


Método DC

FT01 - Number of basic blocks in the method: 19
FT02 - Number of basic blocks with a single successor: 11
FT03 - Number of basic blocks with two successors: 8
FT04 - Number of basic blocks with more than two successors: 0
FT05 - Number of basic blocks with a single predecessor: 11
FT06 - Number of basic blocks with two predecessors: 8
FT07 - Number of basic blocks with more than two predecessors: 0
FT08 - Number of basic blocks with a single predecessor and a single successor: 9
FT09 - Number of basic blocks with a single predecessor and two successors: 2
FT10 - Number of basic blocks with a two predecessors and one successor: 2
FT11 - Number of basic blocks with two successors and two predecessors: 6
FT12 - Number of basic blocks with more than two successors and more than two predecessors: 0
FT13 - Number of basic blocks with number of instructions less than 15: 17
FT14 - Number of basic blocks with number of instructions in the interval [15, 500]: 2
FT15 - Number of basic blocks with number of instructions greater than 500: 0
FT16 - Number of edges in the control flow graph: 28
FT17 - Number of critical edges in the control flow graph: 6
FT18 - Number of abnormal edges in the control flow graph: 0
FT19 - Number of direct calls in the method: 22
FT20 - Number of conditional branches in the method: 8
FT21 - Number of assignment instructions in the method: 73
FT22 - Number of unconditional branches in the method: 0
FT23 - Number of binary integer operations in the method: 5
FT24 - Number of binary floating point operations in the method: 0
FT25 - Number of instructions in the method: 106
FT26 - Average of number of instructions in basic blocks: 5
FT27 - Average of number of phi-nodes at the beginning of a basic block: 0
FT28 - Average of arguments for a phi-node: 0
FT29 - Number of basic blocks with no phi nodes: 19
FT30 - Number of basic blocks with phi nodes in the interval [0, 3]: 0
FT31 - Number of basic blocks with more than 3 phi nodes: 0
FT32 - Number of basic block where total number of arguments for all phi-nodes is in greater than 5: 0
FT33 - Number of basic block where total number of arguments for all phi-nodes is in the interval [1, 5]: 0
FT34 - Number of switch instructions in the method: 0
FT35 - Number of unary operations in the method: 12
FT36 - Number of instruction that do pointer arithmetic in the method: 0
FT37 - Number of indirect references via pointers (* in C): 0
FT38 - Number of times the address of a variables is taken (& in C): 0
FT39 - Number of times the address of a function is taken (& in C): 0
FT40 - Number of indirect calls (i.e. done via pointers) in the method: 0
FT41 - Number of assignment instructions with the left operand an integer constant in the method: 0
FT42 - Number of binary operations with one of the operands an integer constant in the method: 0
FT43 - Number of calls with pointers as arguments: 17
FT44 - Number of calls with the number of arguments is greater than 4: 1
FT45 - Number of calls that return a pointer: 6
FT46 - Number of calls that return an integer: 15
FT47 - Number of occurrences of integer constant zero: 17
FT48 - Number of occurrences of 32-bit integer constants: 19
FT49 - Number of occurrences of integer constant one: 4
FT50 - Number of occurrences of 64-bit integer constants: 8
FT51 - Number of references of local variables in the method: 16
FT52 - Number of references (def/use) of static/extern variables in the method: 11
FT53 - Number of local variables referred in the method: 16
FT54 - Number of static/extern variables referred in the method: 11
FT55 - Number of local variables that are pointers in the method: 6
FT56 - Number of static/extern variables that are pointers in the method: 11


Método Verify

FT01 - Number of basic blocks in the method: 16
FT02 - Number of basic blocks with a single successor: 11
FT03 - Number of basic blocks with two successors: 4
FT04 - Number of basic blocks with more than two successors: 1
FT05 - Number of basic blocks with a single predecessor: 14
FT06 - Number of basic blocks with two predecessors: 0
FT07 - Number of basic blocks with more than two predecessors: 2
FT08 - Number of basic blocks with a single predecessor and a single successor: 9
FT09 - Number of basic blocks with a single predecessor and two successors: 4
FT10 - Number of basic blocks with a two predecessors and one successor: 0
FT11 - Number of basic blocks with two successors and two predecessors: 0
FT12 - Number of basic blocks with more than two successors and more than two predecessors: 0
FT13 - Number of basic blocks with number of instructions less than 15: 16
FT14 - Number of basic blocks with number of instructions in the interval [15, 500]: 0
FT15 - Number of basic blocks with number of instructions greater than 500: 0
FT16 - Number of edges in the control flow graph: 25
FT17 - Number of critical edges in the control flow graph: 0
FT18 - Number of abnormal edges in the control flow graph: 0
FT19 - Number of direct calls in the method: 0
FT20 - Number of conditional branches in the method: 4
FT21 - Number of assignment instructions in the method: 21
FT22 - Number of unconditional branches in the method: 0
FT23 - Number of binary integer operations in the method: 6
FT24 - Number of binary floating point operations in the method: 0
FT25 - Number of instructions in the method: 37
FT26 - Average of number of instructions in basic blocks: 2
FT27 - Average of number of phi-nodes at the beginning of a basic block: 0
FT28 - Average of arguments for a phi-node: 0
FT29 - Number of basic blocks with no phi nodes: 16
FT30 - Number of basic blocks with phi nodes in the interval [0, 3]: 0
FT31 - Number of basic blocks with more than 3 phi nodes: 0
FT32 - Number of basic block where total number of arguments for all phi-nodes is in greater than 5: 0
FT33 - Number of basic block where total number of arguments for all phi-nodes is in the interval [1, 5]: 0
FT34 - Number of switch instructions in the method: 1
FT35 - Number of unary operations in the method: 1
FT36 - Number of instruction that do pointer arithmetic in the method: 0
FT37 - Number of indirect references via pointers (* in C): 0
FT38 - Number of times the address of a variables is taken (& in C): 0
FT39 - Number of times the address of a function is taken (& in C): 0
FT40 - Number of indirect calls (i.e. done via pointers) in the method: 0
FT41 - Number of assignment instructions with the left operand an integer constant in the method: 0
FT42 - Number of binary operations with one of the operands an integer constant in the method: 3
FT43 - Number of calls with pointers as arguments: 0
FT44 - Number of calls with the number of arguments is greater than 4: 0
FT45 - Number of calls that return a pointer: 0
FT46 - Number of calls that return an integer: 0
FT47 - Number of occurrences of integer constant zero: 4
FT48 - Number of occurrences of 32-bit integer constants: 6
FT49 - Number of occurrences of integer constant one: 1
FT50 - Number of occurrences of 64-bit integer constants: 3
FT51 - Number of references of local variables in the method: 7
FT52 - Number of references (def/use) of static/extern variables in the method: 7
FT53 - Number of local variables referred in the method: 7
FT54 - Number of static/extern variables referred in the method: 7
FT55 - Number of local variables that are pointers in the method: 0
FT56 - Number of static/extern variables that are pointers in the method: 0


Método Program

FT01 - Number of basic blocks in the method: 64
FT02 - Number of basic blocks with a single successor: 31
FT03 - Number of basic blocks with two successors: 27
FT04 - Number of basic blocks with more than two successors: 1
FT05 - Number of basic blocks with a single predecessor: 45
FT06 - Number of basic blocks with two predecessors: 16
FT07 - Number of basic blocks with more than two predecessors: 3
FT08 - Number of basic blocks with a single predecessor and a single successor: 26
FT09 - Number of basic blocks with a single predecessor and two successors: 15
FT10 - Number of basic blocks with a two predecessors and one successor: 3
FT11 - Number of basic blocks with two successors and two predecessors: 11
FT12 - Number of basic blocks with more than two successors and more than two predecessors: 0
FT13 - Number of basic blocks with number of instructions less than 15: 62
FT14 - Number of basic blocks with number of instructions in the interval [15, 500]: 2
FT15 - Number of basic blocks with number of instructions greater than 500: 0
FT16 - Number of edges in the control flow graph: 93
FT17 - Number of critical edges in the control flow graph: 18
FT18 - Number of abnormal edges in the control flow graph: 0
FT19 - Number of direct calls in the method: 56
FT20 - Number of conditional branches in the method: 27
FT21 - Number of assignment instructions in the method: 164
FT22 - Number of unconditional branches in the method: 0
FT23 - Number of binary integer operations in the method: 20
FT24 - Number of binary floating point operations in the method: 0
FT25 - Number of instructions in the method: 264
FT26 - Average of number of instructions in basic blocks: 11
FT27 - Average of number of phi-nodes at the beginning of a basic block: 0
FT28 - Average of arguments for a phi-node: 0
FT29 - Number of basic blocks with no phi nodes: 64
FT30 - Number of basic blocks with phi nodes in the interval [0, 3]: 0
FT31 - Number of basic blocks with more than 3 phi nodes: 0
FT32 - Number of basic block where total number of arguments for all phi-nodes is in greater than 5: 0
FT33 - Number of basic block where total number of arguments for all phi-nodes is in the interval [1, 5]: 0
FT34 - Number of switch instructions in the method: 1
FT35 - Number of unary operations in the method: 22
FT36 - Number of instruction that do pointer arithmetic in the method: 4
FT37 - Number of indirect references via pointers (* in C): 0
FT38 - Number of times the address of a variables is taken (& in C): 0
FT39 - Number of times the address of a function is taken (& in C): 0
FT40 - Number of indirect calls (i.e. done via pointers) in the method: 0
FT41 - Number of assignment instructions with the left operand an integer constant in the method: 0
FT42 - Number of binary operations with one of the operands an integer constant in the method: 10
FT43 - Number of calls with pointers as arguments: 39
FT44 - Number of calls with the number of arguments is greater than 4: 1
FT45 - Number of calls that return a pointer: 15
FT46 - Number of calls that return an integer: 31
FT47 - Number of occurrences of integer constant zero: 34
FT48 - Number of occurrences of 32-bit integer constants: 48
FT49 - Number of occurrences of integer constant one: 19
FT50 - Number of occurrences of 64-bit integer constants: 35
FT51 - Number of references of local variables in the method: 43
FT52 - Number of references (def/use) of static/extern variables in the method: 32
FT53 - Number of local variables referred in the method: 43
FT54 - Number of static/extern variables referred in the method: 32
FT55 - Number of local variables that are pointers in the method: 21
FT56 - Number of static/extern variables that are pointers in the method: 23
