

Método fannkuch

FT01 - Number of basic blocks in the method: 36
FT02 - Number of basic blocks with a single successor: 22
FT03 - Number of basic blocks with two successors: 14
FT04 - Number of basic blocks with more than two successors: 0
FT05 - Number of basic blocks with a single predecessor: 25
FT06 - Number of basic blocks with two predecessors: 10
FT07 - Number of basic blocks with more than two predecessors: 1
FT08 - Number of basic blocks with a single predecessor and a single successor: 19
FT09 - Number of basic blocks with a single predecessor and two successors: 6
FT10 - Number of basic blocks with a two predecessors and one successor: 3
FT11 - Number of basic blocks with two successors and two predecessors: 7
FT12 - Number of basic blocks with more than two successors and more than two predecessors: 0
FT13 - Number of basic blocks with number of instructions less than 15: 34
FT14 - Number of basic blocks with number of instructions in the interval [15, 500]: 2
FT15 - Number of basic blocks with number of instructions greater than 500: 0
FT16 - Number of edges in the control flow graph: 51
FT17 - Number of critical edges in the control flow graph: 5
FT18 - Number of abnormal edges in the control flow graph: 0
FT19 - Number of direct calls in the method: 5
FT20 - Number of conditional branches in the method: 14
FT21 - Number of assignment instructions in the method: 104
FT22 - Number of unconditional branches in the method: 0
FT23 - Number of binary integer operations in the method: 49
FT24 - Number of binary floating point operations in the method: 0
FT25 - Number of instructions in the method: 127
FT26 - Average of number of instructions in basic blocks: 3
FT27 - Average of number of phi-nodes at the beginning of a basic block: 0
FT28 - Average of arguments for a phi-node: 0
FT29 - Number of basic blocks with no phi nodes: 36
FT30 - Number of basic blocks with phi nodes in the interval [0, 3]: 0
FT31 - Number of basic blocks with more than 3 phi nodes: 0
FT32 - Number of basic block where total number of arguments for all phi-nodes is in greater than 5: 0
FT33 - Number of basic block where total number of arguments for all phi-nodes is in the interval [1, 5]: 0
FT34 - Number of switch instructions in the method: 0
FT35 - Number of unary operations in the method: 20
FT36 - Number of instruction that do pointer arithmetic in the method: 17
FT37 - Number of indirect references via pointers (* in C): 0
FT38 - Number of times the address of a variables is taken (& in C): 0
FT39 - Number of times the address of a function is taken (& in C): 0
FT40 - Number of indirect calls (i.e. done via pointers) in the method: 0
FT41 - Number of assignment instructions with the left operand an integer constant in the method: 0
FT42 - Number of binary operations with one of the operands an integer constant in the method: 32
FT43 - Number of calls with pointers as arguments: 1
FT44 - Number of calls with the number of arguments is greater than 4: 0
FT45 - Number of calls that return a pointer: 3
FT46 - Number of calls that return an integer: 2
FT47 - Number of occurrences of integer constant zero: 11
FT48 - Number of occurrences of 32-bit integer constants: 26
FT49 - Number of occurrences of integer constant one: 12
FT50 - Number of occurrences of 64-bit integer constants: 25
FT51 - Number of references of local variables in the method: 102
FT52 - Number of references (def/use) of static/extern variables in the method: 0
FT53 - Number of local variables referred in the method: 102
FT54 - Number of static/extern variables referred in the method: 0
FT55 - Number of local variables that are pointers in the method: 20
FT56 - Number of static/extern variables that are pointers in the method: 0


Método main

FT01 - Number of basic blocks in the method: 2
FT02 - Number of basic blocks with a single successor: 2
FT03 - Number of basic blocks with two successors: 0
FT04 - Number of basic blocks with more than two successors: 0
FT05 - Number of basic blocks with a single predecessor: 2
FT06 - Number of basic blocks with two predecessors: 0
FT07 - Number of basic blocks with more than two predecessors: 0
FT08 - Number of basic blocks with a single predecessor and a single successor: 2
FT09 - Number of basic blocks with a single predecessor and two successors: 0
FT10 - Number of basic blocks with a two predecessors and one successor: 0
FT11 - Number of basic blocks with two successors and two predecessors: 0
FT12 - Number of basic blocks with more than two successors and more than two predecessors: 0
FT13 - Number of basic blocks with number of instructions less than 15: 2
FT14 - Number of basic blocks with number of instructions in the interval [15, 500]: 0
FT15 - Number of basic blocks with number of instructions greater than 500: 0
FT16 - Number of edges in the control flow graph: 3
FT17 - Number of critical edges in the control flow graph: 0
FT18 - Number of abnormal edges in the control flow graph: 0
FT19 - Number of direct calls in the method: 2
FT20 - Number of conditional branches in the method: 0
FT21 - Number of assignment instructions in the method: 2
FT22 - Number of unconditional branches in the method: 0
FT23 - Number of binary integer operations in the method: 0
FT24 - Number of binary floating point operations in the method: 0
FT25 - Number of instructions in the method: 6
FT26 - Average of number of instructions in basic blocks: 3
FT27 - Average of number of phi-nodes at the beginning of a basic block: 0
FT28 - Average of arguments for a phi-node: 0
FT29 - Number of basic blocks with no phi nodes: 2
FT30 - Number of basic blocks with phi nodes in the interval [0, 3]: 0
FT31 - Number of basic blocks with more than 3 phi nodes: 0
FT32 - Number of basic block where total number of arguments for all phi-nodes is in greater than 5: 0
FT33 - Number of basic block where total number of arguments for all phi-nodes is in the interval [1, 5]: 0
FT34 - Number of switch instructions in the method: 0
FT35 - Number of unary operations in the method: 0
FT36 - Number of instruction that do pointer arithmetic in the method: 0
FT37 - Number of indirect references via pointers (* in C): 0
FT38 - Number of times the address of a variables is taken (& in C): 0
FT39 - Number of times the address of a function is taken (& in C): 0
FT40 - Number of indirect calls (i.e. done via pointers) in the method: 0
FT41 - Number of assignment instructions with the left operand an integer constant in the method: 0
FT42 - Number of binary operations with one of the operands an integer constant in the method: 0
FT43 - Number of calls with pointers as arguments: 1
FT44 - Number of calls with the number of arguments is greater than 4: 0
FT45 - Number of calls that return a pointer: 0
FT46 - Number of calls that return an integer: 2
FT47 - Number of occurrences of integer constant zero: 1
FT48 - Number of occurrences of 32-bit integer constants: 2
FT49 - Number of occurrences of integer constant one: 0
FT50 - Number of occurrences of 64-bit integer constants: 0
FT51 - Number of references of local variables in the method: 5
FT52 - Number of references (def/use) of static/extern variables in the method: 0
FT53 - Number of local variables referred in the method: 5
FT54 - Number of static/extern variables referred in the method: 0
FT55 - Number of local variables that are pointers in the method: 0
FT56 - Number of static/extern variables that are pointers in the method: 0


Método Program

FT01 - Number of basic blocks in the method: 38
FT02 - Number of basic blocks with a single successor: 24
FT03 - Number of basic blocks with two successors: 14
FT04 - Number of basic blocks with more than two successors: 0
FT05 - Number of basic blocks with a single predecessor: 27
FT06 - Number of basic blocks with two predecessors: 10
FT07 - Number of basic blocks with more than two predecessors: 1
FT08 - Number of basic blocks with a single predecessor and a single successor: 21
FT09 - Number of basic blocks with a single predecessor and two successors: 6
FT10 - Number of basic blocks with a two predecessors and one successor: 3
FT11 - Number of basic blocks with two successors and two predecessors: 7
FT12 - Number of basic blocks with more than two successors and more than two predecessors: 0
FT13 - Number of basic blocks with number of instructions less than 15: 36
FT14 - Number of basic blocks with number of instructions in the interval [15, 500]: 2
FT15 - Number of basic blocks with number of instructions greater than 500: 0
FT16 - Number of edges in the control flow graph: 54
FT17 - Number of critical edges in the control flow graph: 5
FT18 - Number of abnormal edges in the control flow graph: 0
FT19 - Number of direct calls in the method: 7
FT20 - Number of conditional branches in the method: 14
FT21 - Number of assignment instructions in the method: 106
FT22 - Number of unconditional branches in the method: 0
FT23 - Number of binary integer operations in the method: 49
FT24 - Number of binary floating point operations in the method: 0
FT25 - Number of instructions in the method: 133
FT26 - Average of number of instructions in basic blocks: 6
FT27 - Average of number of phi-nodes at the beginning of a basic block: 0
FT28 - Average of arguments for a phi-node: 0
FT29 - Number of basic blocks with no phi nodes: 38
FT30 - Number of basic blocks with phi nodes in the interval [0, 3]: 0
FT31 - Number of basic blocks with more than 3 phi nodes: 0
FT32 - Number of basic block where total number of arguments for all phi-nodes is in greater than 5: 0
FT33 - Number of basic block where total number of arguments for all phi-nodes is in the interval [1, 5]: 0
FT34 - Number of switch instructions in the method: 0
FT35 - Number of unary operations in the method: 20
FT36 - Number of instruction that do pointer arithmetic in the method: 17
FT37 - Number of indirect references via pointers (* in C): 0
FT38 - Number of times the address of a variables is taken (& in C): 0
FT39 - Number of times the address of a function is taken (& in C): 0
FT40 - Number of indirect calls (i.e. done via pointers) in the method: 0
FT41 - Number of assignment instructions with the left operand an integer constant in the method: 0
FT42 - Number of binary operations with one of the operands an integer constant in the method: 32
FT43 - Number of calls with pointers as arguments: 2
FT44 - Number of calls with the number of arguments is greater than 4: 0
FT45 - Number of calls that return a pointer: 3
FT46 - Number of calls that return an integer: 4
FT47 - Number of occurrences of integer constant zero: 12
FT48 - Number of occurrences of 32-bit integer constants: 28
FT49 - Number of occurrences of integer constant one: 12
FT50 - Number of occurrences of 64-bit integer constants: 25
FT51 - Number of references of local variables in the method: 107
FT52 - Number of references (def/use) of static/extern variables in the method: 0
FT53 - Number of local variables referred in the method: 107
FT54 - Number of static/extern variables referred in the method: 0
FT55 - Number of local variables that are pointers in the method: 20
FT56 - Number of static/extern variables that are pointers in the method: 0
