

Método main

FT01 - Number of basic blocks in the method: 40
FT02 - Number of basic blocks with a single successor: 26
FT03 - Number of basic blocks with two successors: 14
FT04 - Number of basic blocks with more than two successors: 0
FT05 - Number of basic blocks with a single predecessor: 26
FT06 - Number of basic blocks with two predecessors: 14
FT07 - Number of basic blocks with more than two predecessors: 0
FT08 - Number of basic blocks with a single predecessor and a single successor: 23
FT09 - Number of basic blocks with a single predecessor and two successors: 3
FT10 - Number of basic blocks with a two predecessors and one successor: 3
FT11 - Number of basic blocks with two successors and two predecessors: 11
FT12 - Number of basic blocks with more than two successors and more than two predecessors: 0
FT13 - Number of basic blocks with number of instructions less than 15: 25
FT14 - Number of basic blocks with number of instructions in the interval [15, 500]: 15
FT15 - Number of basic blocks with number of instructions greater than 500: 0
FT16 - Number of edges in the control flow graph: 55
FT17 - Number of critical edges in the control flow graph: 4
FT18 - Number of abnormal edges in the control flow graph: 0
FT19 - Number of direct calls in the method: 41
FT20 - Number of conditional branches in the method: 14
FT21 - Number of assignment instructions in the method: 971
FT22 - Number of unconditional branches in the method: 0
FT23 - Number of binary integer operations in the method: 13
FT24 - Number of binary floating point operations in the method: 455
FT25 - Number of instructions in the method: 1028
FT26 - Average of number of instructions in basic blocks: 25
FT27 - Average of number of phi-nodes at the beginning of a basic block: 0
FT28 - Average of arguments for a phi-node: 0
FT29 - Number of basic blocks with no phi nodes: 40
FT30 - Number of basic blocks with phi nodes in the interval [0, 3]: 0
FT31 - Number of basic blocks with more than 3 phi nodes: 0
FT32 - Number of basic block where total number of arguments for all phi-nodes is in greater than 5: 0
FT33 - Number of basic block where total number of arguments for all phi-nodes is in the interval [1, 5]: 0
FT34 - Number of switch instructions in the method: 0
FT35 - Number of unary operations in the method: 28
FT36 - Number of instruction that do pointer arithmetic in the method: 0
FT37 - Number of indirect references via pointers (* in C): 0
FT38 - Number of times the address of a variables is taken (& in C): 0
FT39 - Number of times the address of a function is taken (& in C): 0
FT40 - Number of indirect calls (i.e. done via pointers) in the method: 0
FT41 - Number of assignment instructions with the left operand an integer constant in the method: 0
FT42 - Number of binary operations with one of the operands an integer constant in the method: 13
FT43 - Number of calls with pointers as arguments: 39
FT44 - Number of calls with the number of arguments is greater than 4: 0
FT45 - Number of calls that return a pointer: 0
FT46 - Number of calls that return an integer: 41
FT47 - Number of occurrences of integer constant zero: 1
FT48 - Number of occurrences of 32-bit integer constants: 3
FT49 - Number of occurrences of integer constant one: 20
FT50 - Number of occurrences of 64-bit integer constants: 25
FT51 - Number of references of local variables in the method: 375
FT52 - Number of references (def/use) of static/extern variables in the method: 321
FT53 - Number of local variables referred in the method: 375
FT54 - Number of static/extern variables referred in the method: 321
FT55 - Number of local variables that are pointers in the method: 0
FT56 - Number of static/extern variables that are pointers in the method: 0


Método dtime

FT01 - Number of basic blocks in the method: 2
FT02 - Number of basic blocks with a single successor: 2
FT03 - Number of basic blocks with two successors: 0
FT04 - Number of basic blocks with more than two successors: 0
FT05 - Number of basic blocks with a single predecessor: 2
FT06 - Number of basic blocks with two predecessors: 0
FT07 - Number of basic blocks with more than two predecessors: 0
FT08 - Number of basic blocks with a single predecessor and a single successor: 2
FT09 - Number of basic blocks with a single predecessor and two successors: 0
FT10 - Number of basic blocks with a two predecessors and one successor: 0
FT11 - Number of basic blocks with two successors and two predecessors: 0
FT12 - Number of basic blocks with more than two successors and more than two predecessors: 0
FT13 - Number of basic blocks with number of instructions less than 15: 1
FT14 - Number of basic blocks with number of instructions in the interval [15, 500]: 1
FT15 - Number of basic blocks with number of instructions greater than 500: 0
FT16 - Number of edges in the control flow graph: 3
FT17 - Number of critical edges in the control flow graph: 0
FT18 - Number of abnormal edges in the control flow graph: 0
FT19 - Number of direct calls in the method: 1
FT20 - Number of conditional branches in the method: 0
FT21 - Number of assignment instructions in the method: 15
FT22 - Number of unconditional branches in the method: 0
FT23 - Number of binary integer operations in the method: 3
FT24 - Number of binary floating point operations in the method: 3
FT25 - Number of instructions in the method: 18
FT26 - Average of number of instructions in basic blocks: 9
FT27 - Average of number of phi-nodes at the beginning of a basic block: 0
FT28 - Average of arguments for a phi-node: 0
FT29 - Number of basic blocks with no phi nodes: 2
FT30 - Number of basic blocks with phi nodes in the interval [0, 3]: 0
FT31 - Number of basic blocks with more than 3 phi nodes: 0
FT32 - Number of basic block where total number of arguments for all phi-nodes is in greater than 5: 0
FT33 - Number of basic block where total number of arguments for all phi-nodes is in the interval [1, 5]: 0
FT34 - Number of switch instructions in the method: 0
FT35 - Number of unary operations in the method: 2
FT36 - Number of instruction that do pointer arithmetic in the method: 3
FT37 - Number of indirect references via pointers (* in C): 0
FT38 - Number of times the address of a variables is taken (& in C): 0
FT39 - Number of times the address of a function is taken (& in C): 0
FT40 - Number of indirect calls (i.e. done via pointers) in the method: 0
FT41 - Number of assignment instructions with the left operand an integer constant in the method: 0
FT42 - Number of binary operations with one of the operands an integer constant in the method: 3
FT43 - Number of calls with pointers as arguments: 1
FT44 - Number of calls with the number of arguments is greater than 4: 0
FT45 - Number of calls that return a pointer: 0
FT46 - Number of calls that return an integer: 1
FT47 - Number of occurrences of integer constant zero: 2
FT48 - Number of occurrences of 32-bit integer constants: 1
FT49 - Number of occurrences of integer constant one: 0
FT50 - Number of occurrences of 64-bit integer constants: 4
FT51 - Number of references of local variables in the method: 4
FT52 - Number of references (def/use) of static/extern variables in the method: 0
FT53 - Number of local variables referred in the method: 4
FT54 - Number of static/extern variables referred in the method: 0
FT55 - Number of local variables that are pointers in the method: 0
FT56 - Number of static/extern variables that are pointers in the method: 0


Método Program

FT01 - Number of basic blocks in the method: 42
FT02 - Number of basic blocks with a single successor: 28
FT03 - Number of basic blocks with two successors: 14
FT04 - Number of basic blocks with more than two successors: 0
FT05 - Number of basic blocks with a single predecessor: 28
FT06 - Number of basic blocks with two predecessors: 14
FT07 - Number of basic blocks with more than two predecessors: 0
FT08 - Number of basic blocks with a single predecessor and a single successor: 25
FT09 - Number of basic blocks with a single predecessor and two successors: 3
FT10 - Number of basic blocks with a two predecessors and one successor: 3
FT11 - Number of basic blocks with two successors and two predecessors: 11
FT12 - Number of basic blocks with more than two successors and more than two predecessors: 0
FT13 - Number of basic blocks with number of instructions less than 15: 26
FT14 - Number of basic blocks with number of instructions in the interval [15, 500]: 16
FT15 - Number of basic blocks with number of instructions greater than 500: 0
FT16 - Number of edges in the control flow graph: 58
FT17 - Number of critical edges in the control flow graph: 4
FT18 - Number of abnormal edges in the control flow graph: 0
FT19 - Number of direct calls in the method: 42
FT20 - Number of conditional branches in the method: 14
FT21 - Number of assignment instructions in the method: 986
FT22 - Number of unconditional branches in the method: 0
FT23 - Number of binary integer operations in the method: 16
FT24 - Number of binary floating point operations in the method: 458
FT25 - Number of instructions in the method: 1046
FT26 - Average of number of instructions in basic blocks: 34
FT27 - Average of number of phi-nodes at the beginning of a basic block: 0
FT28 - Average of arguments for a phi-node: 0
FT29 - Number of basic blocks with no phi nodes: 42
FT30 - Number of basic blocks with phi nodes in the interval [0, 3]: 0
FT31 - Number of basic blocks with more than 3 phi nodes: 0
FT32 - Number of basic block where total number of arguments for all phi-nodes is in greater than 5: 0
FT33 - Number of basic block where total number of arguments for all phi-nodes is in the interval [1, 5]: 0
FT34 - Number of switch instructions in the method: 0
FT35 - Number of unary operations in the method: 30
FT36 - Number of instruction that do pointer arithmetic in the method: 3
FT37 - Number of indirect references via pointers (* in C): 0
FT38 - Number of times the address of a variables is taken (& in C): 0
FT39 - Number of times the address of a function is taken (& in C): 0
FT40 - Number of indirect calls (i.e. done via pointers) in the method: 0
FT41 - Number of assignment instructions with the left operand an integer constant in the method: 0
FT42 - Number of binary operations with one of the operands an integer constant in the method: 16
FT43 - Number of calls with pointers as arguments: 40
FT44 - Number of calls with the number of arguments is greater than 4: 0
FT45 - Number of calls that return a pointer: 0
FT46 - Number of calls that return an integer: 42
FT47 - Number of occurrences of integer constant zero: 3
FT48 - Number of occurrences of 32-bit integer constants: 4
FT49 - Number of occurrences of integer constant one: 20
FT50 - Number of occurrences of 64-bit integer constants: 29
FT51 - Number of references of local variables in the method: 379
FT52 - Number of references (def/use) of static/extern variables in the method: 321
FT53 - Number of local variables referred in the method: 379
FT54 - Number of static/extern variables referred in the method: 321
FT55 - Number of local variables that are pointers in the method: 0
FT56 - Number of static/extern variables that are pointers in the method: 0
