

Método mybasename

FT01 - Number of basic blocks in the method: 5
FT02 - Number of basic blocks with a single successor: 4
FT03 - Number of basic blocks with two successors: 1
FT04 - Number of basic blocks with more than two successors: 0
FT05 - Number of basic blocks with a single predecessor: 4
FT06 - Number of basic blocks with two predecessors: 1
FT07 - Number of basic blocks with more than two predecessors: 0
FT08 - Number of basic blocks with a single predecessor and a single successor: 3
FT09 - Number of basic blocks with a single predecessor and two successors: 1
FT10 - Number of basic blocks with a two predecessors and one successor: 1
FT11 - Number of basic blocks with two successors and two predecessors: 0
FT12 - Number of basic blocks with more than two successors and more than two predecessors: 0
FT13 - Number of basic blocks with number of instructions less than 15: 5
FT14 - Number of basic blocks with number of instructions in the interval [15, 500]: 0
FT15 - Number of basic blocks with number of instructions greater than 500: 0
FT16 - Number of edges in the control flow graph: 7
FT17 - Number of critical edges in the control flow graph: 0
FT18 - Number of abnormal edges in the control flow graph: 0
FT19 - Number of direct calls in the method: 1
FT20 - Number of conditional branches in the method: 1
FT21 - Number of assignment instructions in the method: 3
FT22 - Number of unconditional branches in the method: 0
FT25 - Number of instructions in the method: 7
FT26 - Average of number of instructions in basic blocks: 1
FT27 - Average of number of phi-nodes at the beginning of a basic block: 0
FT28 - Average of arguments for a phi-node: 0
FT29 - Number of basic blocks with no phi nodes: 5
FT30 - Number of basic blocks with phi nodes in the interval [0, 3]: 0
FT31 - Number of basic blocks with more than 3 phi nodes: 0
FT32 - Number of basic block where total number of arguments for all phi-nodes is in greater than 5: 0
FT33 - Number of basic block where total number of arguments for all phi-nodes is in the interval [1, 5]: 0
FT34 - Number of switch instructions in the method: 0
FT35 - Number of unary operations in the method: 0
FT41 - Number of assignment instructions with the left operand an integer constant in the method: 0
FT42 - Number of binary operations with one of the operands an integer constant in the method: 1
FT43 - Number of calls with pointers as arguments: 1
FT44 - Number of calls with the number of arguments is greater than 4: 0
FT45 - Number of calls that return a pointer: 1
FT46 - Number of calls that return an integer: 0
FT47 - Number of occurrences of integer constant zero: 1
FT48 - Number of occurrences of 32-bit integer constants: 1
FT49 - Number of occurrences of integer constant one: 1
FT50 - Number of occurrences of 64-bit integer constants: 2
FT51 - Number of references of local variables in the method: 8
FT52 - Number of references (def/use) of static/extern variables in the method: 0
FT53 - Number of local variables referred in the method: 8
FT54 - Number of static/extern variables referred in the method: 0
FT55 - Number of local variables that are pointers in the method: 8
FT56 - Number of static/extern variables that are pointers in the method: 0


Método main

FT01 - Number of basic blocks in the method: 54
FT02 - Number of basic blocks with a single successor: 31
FT03 - Number of basic blocks with two successors: 20
FT04 - Number of basic blocks with more than two successors: 1
FT05 - Number of basic blocks with a single predecessor: 39
FT06 - Number of basic blocks with two predecessors: 10
FT07 - Number of basic blocks with more than two predecessors: 5
FT08 - Number of basic blocks with a single predecessor and a single successor: 29
FT09 - Number of basic blocks with a single predecessor and two successors: 9
FT10 - Number of basic blocks with a two predecessors and one successor: 2
FT11 - Number of basic blocks with two successors and two predecessors: 6
FT12 - Number of basic blocks with more than two successors and more than two predecessors: 0
FT13 - Number of basic blocks with number of instructions less than 15: 53
FT14 - Number of basic blocks with number of instructions in the interval [15, 500]: 1
FT15 - Number of basic blocks with number of instructions greater than 500: 0
FT16 - Number of edges in the control flow graph: 78
FT17 - Number of critical edges in the control flow graph: 8
FT18 - Number of abnormal edges in the control flow graph: 0
FT19 - Number of direct calls in the method: 33
FT20 - Number of conditional branches in the method: 20
FT21 - Number of assignment instructions in the method: 126
FT22 - Number of unconditional branches in the method: 0
FT25 - Number of instructions in the method: 186
FT26 - Average of number of instructions in basic blocks: 3
FT27 - Average of number of phi-nodes at the beginning of a basic block: 0
FT28 - Average of arguments for a phi-node: 0
FT29 - Number of basic blocks with no phi nodes: 54
FT30 - Number of basic blocks with phi nodes in the interval [0, 3]: 0
FT31 - Number of basic blocks with more than 3 phi nodes: 0
FT32 - Number of basic block where total number of arguments for all phi-nodes is in greater than 5: 0
FT33 - Number of basic block where total number of arguments for all phi-nodes is in the interval [1, 5]: 0
FT34 - Number of switch instructions in the method: 1
FT35 - Number of unary operations in the method: 20
FT41 - Number of assignment instructions with the left operand an integer constant in the method: 0
FT42 - Number of binary operations with one of the operands an integer constant in the method: 12
FT43 - Number of calls with pointers as arguments: 27
FT44 - Number of calls with the number of arguments is greater than 4: 4
FT45 - Number of calls that return a pointer: 7
FT46 - Number of calls that return an integer: 21
FT47 - Number of occurrences of integer constant zero: 9
FT48 - Number of occurrences of 32-bit integer constants: 28
FT49 - Number of occurrences of integer constant one: 10
FT50 - Number of occurrences of 64-bit integer constants: 10
FT51 - Number of references of local variables in the method: 141
FT52 - Number of references (def/use) of static/extern variables in the method: 2
FT53 - Number of local variables referred in the method: 141
FT54 - Number of static/extern variables referred in the method: 2
FT55 - Number of local variables that are pointers in the method: 44
FT56 - Number of static/extern variables that are pointers in the method: 2


Método SIM

FT01 - Number of basic blocks in the method: 18
FT02 - Number of basic blocks with a single successor: 11
FT03 - Number of basic blocks with two successors: 7
FT04 - Number of basic blocks with more than two successors: 0
FT05 - Number of basic blocks with a single predecessor: 12
FT06 - Number of basic blocks with two predecessors: 5
FT07 - Number of basic blocks with more than two predecessors: 1
FT08 - Number of basic blocks with a single predecessor and a single successor: 9
FT09 - Number of basic blocks with a single predecessor and two successors: 3
FT10 - Number of basic blocks with a two predecessors and one successor: 1
FT11 - Number of basic blocks with two successors and two predecessors: 4
FT12 - Number of basic blocks with more than two successors and more than two predecessors: 0
FT13 - Number of basic blocks with number of instructions less than 15: 16
FT14 - Number of basic blocks with number of instructions in the interval [15, 500]: 2
FT15 - Number of basic blocks with number of instructions greater than 500: 0
FT16 - Number of edges in the control flow graph: 26
FT17 - Number of critical edges in the control flow graph: 3
FT18 - Number of abnormal edges in the control flow graph: 0
FT19 - Number of direct calls in the method: 39
FT20 - Number of conditional branches in the method: 7
FT21 - Number of assignment instructions in the method: 152
FT22 - Number of unconditional branches in the method: 0
FT25 - Number of instructions in the method: 199
FT26 - Average of number of instructions in basic blocks: 11
FT27 - Average of number of phi-nodes at the beginning of a basic block: 0
FT28 - Average of arguments for a phi-node: 0
FT29 - Number of basic blocks with no phi nodes: 18
FT30 - Number of basic blocks with phi nodes in the interval [0, 3]: 0
FT31 - Number of basic blocks with more than 3 phi nodes: 0
FT32 - Number of basic block where total number of arguments for all phi-nodes is in greater than 5: 0
FT33 - Number of basic block where total number of arguments for all phi-nodes is in the interval [1, 5]: 0
FT34 - Number of switch instructions in the method: 0
FT35 - Number of unary operations in the method: 29
FT41 - Number of assignment instructions with the left operand an integer constant in the method: 0
FT42 - Number of binary operations with one of the operands an integer constant in the method: 25
FT43 - Number of calls with pointers as arguments: 21
FT44 - Number of calls with the number of arguments is greater than 4: 4
FT45 - Number of calls that return a pointer: 20
FT46 - Number of calls that return an integer: 19
FT47 - Number of occurrences of integer constant zero: 13
FT48 - Number of occurrences of 32-bit integer constants: 29
FT49 - Number of occurrences of integer constant one: 10
FT50 - Number of occurrences of 64-bit integer constants: 13
FT51 - Number of references of local variables in the method: 61
FT52 - Number of references (def/use) of static/extern variables in the method: 62
FT53 - Number of local variables referred in the method: 61
FT54 - Number of static/extern variables referred in the method: 62
FT55 - Number of local variables that are pointers in the method: 4
FT56 - Number of static/extern variables that are pointers in the method: 26


Método big_pass

FT01 - Number of basic blocks in the method: 60
FT02 - Number of basic blocks with a single successor: 30
FT03 - Number of basic blocks with two successors: 30
FT04 - Number of basic blocks with more than two successors: 0
FT05 - Number of basic blocks with a single predecessor: 46
FT06 - Number of basic blocks with two predecessors: 10
FT07 - Number of basic blocks with more than two predecessors: 4
FT08 - Number of basic blocks with a single predecessor and a single successor: 27
FT09 - Number of basic blocks with a single predecessor and two successors: 19
FT10 - Number of basic blocks with a two predecessors and one successor: 2
FT11 - Number of basic blocks with two successors and two predecessors: 8
FT12 - Number of basic blocks with more than two successors and more than two predecessors: 0
FT13 - Number of basic blocks with number of instructions less than 15: 56
FT14 - Number of basic blocks with number of instructions in the interval [15, 500]: 4
FT15 - Number of basic blocks with number of instructions greater than 500: 0
FT16 - Number of edges in the control flow graph: 91
FT17 - Number of critical edges in the control flow graph: 15
FT18 - Number of abnormal edges in the control flow graph: 0
FT19 - Number of direct calls in the method: 1
FT20 - Number of conditional branches in the method: 30
FT21 - Number of assignment instructions in the method: 213
FT22 - Number of unconditional branches in the method: 0
FT25 - Number of instructions in the method: 245
FT26 - Average of number of instructions in basic blocks: 4
FT27 - Average of number of phi-nodes at the beginning of a basic block: 0
FT28 - Average of arguments for a phi-node: 0
FT29 - Number of basic blocks with no phi nodes: 60
FT30 - Number of basic blocks with phi nodes in the interval [0, 3]: 0
FT31 - Number of basic blocks with more than 3 phi nodes: 0
FT32 - Number of basic block where total number of arguments for all phi-nodes is in greater than 5: 0
FT33 - Number of basic block where total number of arguments for all phi-nodes is in the interval [1, 5]: 0
FT34 - Number of switch instructions in the method: 0
FT35 - Number of unary operations in the method: 31
FT41 - Number of assignment instructions with the left operand an integer constant in the method: 0
FT42 - Number of binary operations with one of the operands an integer constant in the method: 32
FT43 - Number of calls with pointers as arguments: 0
FT44 - Number of calls with the number of arguments is greater than 4: 1
FT45 - Number of calls that return a pointer: 0
FT46 - Number of calls that return an integer: 1
FT47 - Number of occurrences of integer constant zero: 12
FT48 - Number of occurrences of 32-bit integer constants: 22
FT49 - Number of occurrences of integer constant one: 8
FT50 - Number of occurrences of 64-bit integer constants: 28
FT51 - Number of references of local variables in the method: 195
FT52 - Number of references (def/use) of static/extern variables in the method: 43
FT53 - Number of local variables referred in the method: 195
FT54 - Number of static/extern variables referred in the method: 43
FT55 - Number of local variables that are pointers in the method: 2
FT56 - Number of static/extern variables that are pointers in the method: 31


Método locate

FT01 - Number of basic blocks in the method: 213
FT02 - Number of basic blocks with a single successor: 83
FT03 - Number of basic blocks with two successors: 130
FT04 - Number of basic blocks with more than two successors: 0
FT05 - Number of basic blocks with a single predecessor: 150
FT06 - Number of basic blocks with two predecessors: 42
FT07 - Number of basic blocks with more than two predecessors: 21
FT08 - Number of basic blocks with a single predecessor and a single successor: 63
FT09 - Number of basic blocks with a single predecessor and two successors: 87
FT10 - Number of basic blocks with a two predecessors and one successor: 11
FT11 - Number of basic blocks with two successors and two predecessors: 31
FT12 - Number of basic blocks with more than two successors and more than two predecessors: 0
FT13 - Number of basic blocks with number of instructions less than 15: 199
FT14 - Number of basic blocks with number of instructions in the interval [15, 500]: 14
FT15 - Number of basic blocks with number of instructions greater than 500: 0
FT16 - Number of edges in the control flow graph: 344
FT17 - Number of critical edges in the control flow graph: 111
FT18 - Number of abnormal edges in the control flow graph: 0
FT19 - Number of direct calls in the method: 1
FT20 - Number of conditional branches in the method: 130
FT21 - Number of assignment instructions in the method: 832
FT22 - Number of unconditional branches in the method: 0
FT25 - Number of instructions in the method: 964
FT26 - Average of number of instructions in basic blocks: 4
FT27 - Average of number of phi-nodes at the beginning of a basic block: 0
FT28 - Average of arguments for a phi-node: 0
FT29 - Number of basic blocks with no phi nodes: 213
FT30 - Number of basic blocks with phi nodes in the interval [0, 3]: 0
FT31 - Number of basic blocks with more than 3 phi nodes: 0
FT32 - Number of basic block where total number of arguments for all phi-nodes is in greater than 5: 0
FT33 - Number of basic block where total number of arguments for all phi-nodes is in the interval [1, 5]: 0
FT34 - Number of switch instructions in the method: 0
FT35 - Number of unary operations in the method: 111
FT41 - Number of assignment instructions with the left operand an integer constant in the method: 0
FT42 - Number of binary operations with one of the operands an integer constant in the method: 120
FT43 - Number of calls with pointers as arguments: 0
FT44 - Number of calls with the number of arguments is greater than 4: 0
FT45 - Number of calls that return a pointer: 0
FT46 - Number of calls that return an integer: 1
FT47 - Number of occurrences of integer constant zero: 36
FT48 - Number of occurrences of 32-bit integer constants: 74
FT49 - Number of occurrences of integer constant one: 27
FT50 - Number of occurrences of 64-bit integer constants: 104
FT51 - Number of references of local variables in the method: 556
FT52 - Number of references (def/use) of static/extern variables in the method: 252
FT53 - Number of local variables referred in the method: 556
FT54 - Number of static/extern variables referred in the method: 252
FT55 - Number of local variables that are pointers in the method: 6
FT56 - Number of static/extern variables that are pointers in the method: 113


Método small_pass

FT01 - Number of basic blocks in the method: 58
FT02 - Number of basic blocks with a single successor: 28
FT03 - Number of basic blocks with two successors: 30
FT04 - Number of basic blocks with more than two successors: 0
FT05 - Number of basic blocks with a single predecessor: 44
FT06 - Number of basic blocks with two predecessors: 10
FT07 - Number of basic blocks with more than two predecessors: 4
FT08 - Number of basic blocks with a single predecessor and a single successor: 24
FT09 - Number of basic blocks with a single predecessor and two successors: 20
FT10 - Number of basic blocks with a two predecessors and one successor: 3
FT11 - Number of basic blocks with two successors and two predecessors: 7
FT12 - Number of basic blocks with more than two successors and more than two predecessors: 0
FT13 - Number of basic blocks with number of instructions less than 15: 54
FT14 - Number of basic blocks with number of instructions in the interval [15, 500]: 4
FT15 - Number of basic blocks with number of instructions greater than 500: 0
FT16 - Number of edges in the control flow graph: 89
FT17 - Number of critical edges in the control flow graph: 17
FT18 - Number of abnormal edges in the control flow graph: 0
FT19 - Number of direct calls in the method: 1
FT20 - Number of conditional branches in the method: 30
FT21 - Number of assignment instructions in the method: 222
FT22 - Number of unconditional branches in the method: 0
FT25 - Number of instructions in the method: 254
FT26 - Average of number of instructions in basic blocks: 4
FT27 - Average of number of phi-nodes at the beginning of a basic block: 0
FT28 - Average of arguments for a phi-node: 0
FT29 - Number of basic blocks with no phi nodes: 58
FT30 - Number of basic blocks with phi nodes in the interval [0, 3]: 0
FT31 - Number of basic blocks with more than 3 phi nodes: 0
FT32 - Number of basic block where total number of arguments for all phi-nodes is in greater than 5: 0
FT33 - Number of basic block where total number of arguments for all phi-nodes is in the interval [1, 5]: 0
FT34 - Number of switch instructions in the method: 0
FT35 - Number of unary operations in the method: 31
FT41 - Number of assignment instructions with the left operand an integer constant in the method: 0
FT42 - Number of binary operations with one of the operands an integer constant in the method: 35
FT43 - Number of calls with pointers as arguments: 0
FT44 - Number of calls with the number of arguments is greater than 4: 1
FT45 - Number of calls that return a pointer: 0
FT46 - Number of calls that return an integer: 1
FT47 - Number of occurrences of integer constant zero: 9
FT48 - Number of occurrences of 32-bit integer constants: 18
FT49 - Number of occurrences of integer constant one: 8
FT50 - Number of occurrences of 64-bit integer constants: 28
FT51 - Number of references of local variables in the method: 196
FT52 - Number of references (def/use) of static/extern variables in the method: 53
FT53 - Number of local variables referred in the method: 196
FT54 - Number of static/extern variables referred in the method: 53
FT55 - Number of local variables that are pointers in the method: 2
FT56 - Number of static/extern variables that are pointers in the method: 31


Método addnode

FT01 - Number of basic blocks in the method: 36
FT02 - Number of basic blocks with a single successor: 18
FT03 - Number of basic blocks with two successors: 18
FT04 - Number of basic blocks with more than two successors: 0
FT05 - Number of basic blocks with a single predecessor: 21
FT06 - Number of basic blocks with two predecessors: 12
FT07 - Number of basic blocks with more than two predecessors: 3
FT08 - Number of basic blocks with a single predecessor and a single successor: 11
FT09 - Number of basic blocks with a single predecessor and two successors: 10
FT10 - Number of basic blocks with a two predecessors and one successor: 6
FT11 - Number of basic blocks with two successors and two predecessors: 6
FT12 - Number of basic blocks with more than two successors and more than two predecessors: 0
FT13 - Number of basic blocks with number of instructions less than 15: 35
FT14 - Number of basic blocks with number of instructions in the interval [15, 500]: 1
FT15 - Number of basic blocks with number of instructions greater than 500: 0
FT16 - Number of edges in the control flow graph: 55
FT17 - Number of critical edges in the control flow graph: 16
FT18 - Number of abnormal edges in the control flow graph: 0
FT19 - Number of direct calls in the method: 0
FT20 - Number of conditional branches in the method: 18
FT21 - Number of assignment instructions in the method: 105
FT22 - Number of unconditional branches in the method: 0
FT25 - Number of instructions in the method: 127
FT26 - Average of number of instructions in basic blocks: 3
FT27 - Average of number of phi-nodes at the beginning of a basic block: 0
FT28 - Average of arguments for a phi-node: 0
FT29 - Number of basic blocks with no phi nodes: 36
FT30 - Number of basic blocks with phi nodes in the interval [0, 3]: 0
FT31 - Number of basic blocks with more than 3 phi nodes: 0
FT32 - Number of basic block where total number of arguments for all phi-nodes is in greater than 5: 0
FT33 - Number of basic block where total number of arguments for all phi-nodes is in the interval [1, 5]: 0
FT34 - Number of switch instructions in the method: 0
FT35 - Number of unary operations in the method: 4
FT41 - Number of assignment instructions with the left operand an integer constant in the method: 0
FT42 - Number of binary operations with one of the operands an integer constant in the method: 7
FT43 - Number of calls with pointers as arguments: 0
FT44 - Number of calls with the number of arguments is greater than 4: 0
FT45 - Number of calls that return a pointer: 0
FT46 - Number of calls that return an integer: 0
FT47 - Number of occurrences of integer constant zero: 5
FT48 - Number of occurrences of 32-bit integer constants: 9
FT49 - Number of occurrences of integer constant one: 6
FT50 - Number of occurrences of 64-bit integer constants: 6
FT51 - Number of references of local variables in the method: 18
FT52 - Number of references (def/use) of static/extern variables in the method: 48
FT53 - Number of local variables referred in the method: 18
FT54 - Number of static/extern variables referred in the method: 48
FT55 - Number of local variables that are pointers in the method: 0
FT56 - Number of static/extern variables that are pointers in the method: 42


Método findmax

FT01 - Number of basic blocks in the method: 11
FT02 - Number of basic blocks with a single successor: 7
FT03 - Number of basic blocks with two successors: 4
FT04 - Number of basic blocks with more than two successors: 0
FT05 - Number of basic blocks with a single predecessor: 7
FT06 - Number of basic blocks with two predecessors: 4
FT07 - Number of basic blocks with more than two predecessors: 0
FT08 - Number of basic blocks with a single predecessor and a single successor: 5
FT09 - Number of basic blocks with a single predecessor and two successors: 2
FT10 - Number of basic blocks with a two predecessors and one successor: 2
FT11 - Number of basic blocks with two successors and two predecessors: 2
FT12 - Number of basic blocks with more than two successors and more than two predecessors: 0
FT13 - Number of basic blocks with number of instructions less than 15: 10
FT14 - Number of basic blocks with number of instructions in the interval [15, 500]: 1
FT15 - Number of basic blocks with number of instructions greater than 500: 0
FT16 - Number of edges in the control flow graph: 16
FT17 - Number of critical edges in the control flow graph: 3
FT18 - Number of abnormal edges in the control flow graph: 0
FT19 - Number of direct calls in the method: 0
FT20 - Number of conditional branches in the method: 4
FT21 - Number of assignment instructions in the method: 51
FT22 - Number of unconditional branches in the method: 0
FT25 - Number of instructions in the method: 57
FT26 - Average of number of instructions in basic blocks: 5
FT27 - Average of number of phi-nodes at the beginning of a basic block: 0
FT28 - Average of arguments for a phi-node: 0
FT29 - Number of basic blocks with no phi nodes: 11
FT30 - Number of basic blocks with phi nodes in the interval [0, 3]: 0
FT31 - Number of basic blocks with more than 3 phi nodes: 0
FT32 - Number of basic block where total number of arguments for all phi-nodes is in greater than 5: 0
FT33 - Number of basic block where total number of arguments for all phi-nodes is in the interval [1, 5]: 0
FT34 - Number of switch instructions in the method: 0
FT35 - Number of unary operations in the method: 6
FT41 - Number of assignment instructions with the left operand an integer constant in the method: 0
FT42 - Number of binary operations with one of the operands an integer constant in the method: 8
FT43 - Number of calls with pointers as arguments: 0
FT44 - Number of calls with the number of arguments is greater than 4: 0
FT45 - Number of calls that return a pointer: 0
FT46 - Number of calls that return an integer: 0
FT47 - Number of occurrences of integer constant zero: 1
FT48 - Number of occurrences of 32-bit integer constants: 4
FT49 - Number of occurrences of integer constant one: 2
FT50 - Number of occurrences of 64-bit integer constants: 6
FT51 - Number of references of local variables in the method: 18
FT52 - Number of references (def/use) of static/extern variables in the method: 17
FT53 - Number of local variables referred in the method: 18
FT54 - Number of static/extern variables referred in the method: 17
FT55 - Number of local variables that are pointers in the method: 6
FT56 - Number of static/extern variables that are pointers in the method: 11


Método no_cross

FT01 - Number of basic blocks in the method: 18
FT02 - Number of basic blocks with a single successor: 8
FT03 - Number of basic blocks with two successors: 10
FT04 - Number of basic blocks with more than two successors: 0
FT05 - Number of basic blocks with a single predecessor: 11
FT06 - Number of basic blocks with two predecessors: 6
FT07 - Number of basic blocks with more than two predecessors: 1
FT08 - Number of basic blocks with a single predecessor and a single successor: 5
FT09 - Number of basic blocks with a single predecessor and two successors: 6
FT10 - Number of basic blocks with a two predecessors and one successor: 2
FT11 - Number of basic blocks with two successors and two predecessors: 4
FT12 - Number of basic blocks with more than two successors and more than two predecessors: 0
FT13 - Number of basic blocks with number of instructions less than 15: 18
FT14 - Number of basic blocks with number of instructions in the interval [15, 500]: 0
FT15 - Number of basic blocks with number of instructions greater than 500: 0
FT16 - Number of edges in the control flow graph: 29
FT17 - Number of critical edges in the control flow graph: 10
FT18 - Number of abnormal edges in the control flow graph: 0
FT19 - Number of direct calls in the method: 0
FT20 - Number of conditional branches in the method: 10
FT21 - Number of assignment instructions in the method: 34
FT22 - Number of unconditional branches in the method: 0
FT25 - Number of instructions in the method: 48
FT26 - Average of number of instructions in basic blocks: 2
FT27 - Average of number of phi-nodes at the beginning of a basic block: 0
FT28 - Average of arguments for a phi-node: 0
FT29 - Number of basic blocks with no phi nodes: 18
FT30 - Number of basic blocks with phi nodes in the interval [0, 3]: 0
FT31 - Number of basic blocks with more than 3 phi nodes: 0
FT32 - Number of basic block where total number of arguments for all phi-nodes is in greater than 5: 0
FT33 - Number of basic block where total number of arguments for all phi-nodes is in the interval [1, 5]: 0
FT34 - Number of switch instructions in the method: 0
FT35 - Number of unary operations in the method: 1
FT41 - Number of assignment instructions with the left operand an integer constant in the method: 0
FT42 - Number of binary operations with one of the operands an integer constant in the method: 4
FT43 - Number of calls with pointers as arguments: 0
FT44 - Number of calls with the number of arguments is greater than 4: 0
FT45 - Number of calls that return a pointer: 0
FT46 - Number of calls that return an integer: 0
FT47 - Number of occurrences of integer constant zero: 2
FT48 - Number of occurrences of 32-bit integer constants: 7
FT49 - Number of occurrences of integer constant one: 3
FT50 - Number of occurrences of 64-bit integer constants: 1
FT51 - Number of references of local variables in the method: 10
FT52 - Number of references (def/use) of static/extern variables in the method: 14
FT53 - Number of local variables referred in the method: 10
FT54 - Number of static/extern variables referred in the method: 14
FT55 - Number of local variables that are pointers in the method: 1
FT56 - Number of static/extern variables that are pointers in the method: 1


Método diff

FT01 - Number of basic blocks in the method: 128
FT02 - Number of basic blocks with a single successor: 74
FT03 - Number of basic blocks with two successors: 54
FT04 - Number of basic blocks with more than two successors: 0
FT05 - Number of basic blocks with a single predecessor: 84
FT06 - Number of basic blocks with two predecessors: 38
FT07 - Number of basic blocks with more than two predecessors: 6
FT08 - Number of basic blocks with a single predecessor and a single successor: 59
FT09 - Number of basic blocks with a single predecessor and two successors: 25
FT10 - Number of basic blocks with a two predecessors and one successor: 11
FT11 - Number of basic blocks with two successors and two predecessors: 27
FT12 - Number of basic blocks with more than two successors and more than two predecessors: 0
FT13 - Number of basic blocks with number of instructions less than 15: 117
FT14 - Number of basic blocks with number of instructions in the interval [15, 500]: 11
FT15 - Number of basic blocks with number of instructions greater than 500: 0
FT16 - Number of edges in the control flow graph: 183
FT17 - Number of critical edges in the control flow graph: 25
FT18 - Number of abnormal edges in the control flow graph: 0
FT19 - Number of direct calls in the method: 5
FT20 - Number of conditional branches in the method: 54
FT21 - Number of assignment instructions in the method: 611
FT22 - Number of unconditional branches in the method: 0
FT25 - Number of instructions in the method: 675
FT26 - Average of number of instructions in basic blocks: 5
FT27 - Average of number of phi-nodes at the beginning of a basic block: 0
FT28 - Average of arguments for a phi-node: 0
FT29 - Number of basic blocks with no phi nodes: 128
FT30 - Number of basic blocks with phi nodes in the interval [0, 3]: 0
FT31 - Number of basic blocks with more than 3 phi nodes: 0
FT32 - Number of basic block where total number of arguments for all phi-nodes is in greater than 5: 0
FT33 - Number of basic block where total number of arguments for all phi-nodes is in the interval [1, 5]: 0
FT34 - Number of switch instructions in the method: 0
FT35 - Number of unary operations in the method: 56
FT41 - Number of assignment instructions with the left operand an integer constant in the method: 0
FT42 - Number of binary operations with one of the operands an integer constant in the method: 99
FT43 - Number of calls with pointers as arguments: 4
FT44 - Number of calls with the number of arguments is greater than 4: 4
FT45 - Number of calls that return a pointer: 1
FT46 - Number of calls that return an integer: 4
FT47 - Number of occurrences of integer constant zero: 38
FT48 - Number of occurrences of 32-bit integer constants: 83
FT49 - Number of occurrences of integer constant one: 32
FT50 - Number of occurrences of 64-bit integer constants: 70
FT51 - Number of references of local variables in the method: 239
FT52 - Number of references (def/use) of static/extern variables in the method: 207
FT53 - Number of local variables referred in the method: 239
FT54 - Number of static/extern variables referred in the method: 207
FT55 - Number of local variables that are pointers in the method: 6
FT56 - Number of static/extern variables that are pointers in the method: 95


Método display

FT01 - Number of basic blocks in the method: 33
FT02 - Number of basic blocks with a single successor: 13
FT03 - Number of basic blocks with two successors: 20
FT04 - Number of basic blocks with more than two successors: 0
FT05 - Number of basic blocks with a single predecessor: 18
FT06 - Number of basic blocks with two predecessors: 12
FT07 - Number of basic blocks with more than two predecessors: 3
FT08 - Number of basic blocks with a single predecessor and a single successor: 8
FT09 - Number of basic blocks with a single predecessor and two successors: 10
FT10 - Number of basic blocks with a two predecessors and one successor: 3
FT11 - Number of basic blocks with two successors and two predecessors: 9
FT12 - Number of basic blocks with more than two successors and more than two predecessors: 0
FT13 - Number of basic blocks with number of instructions less than 15: 32
FT14 - Number of basic blocks with number of instructions in the interval [15, 500]: 1
FT15 - Number of basic blocks with number of instructions greater than 500: 0
FT16 - Number of edges in the control flow graph: 54
FT17 - Number of critical edges in the control flow graph: 23
FT18 - Number of abnormal edges in the control flow graph: 0
FT19 - Number of direct calls in the method: 4
FT20 - Number of conditional branches in the method: 20
FT21 - Number of assignment instructions in the method: 80
FT22 - Number of unconditional branches in the method: 0
FT25 - Number of instructions in the method: 105
FT26 - Average of number of instructions in basic blocks: 3
FT27 - Average of number of phi-nodes at the beginning of a basic block: 0
FT28 - Average of arguments for a phi-node: 0
FT29 - Number of basic blocks with no phi nodes: 33
FT30 - Number of basic blocks with phi nodes in the interval [0, 3]: 0
FT31 - Number of basic blocks with more than 3 phi nodes: 0
FT32 - Number of basic block where total number of arguments for all phi-nodes is in greater than 5: 0
FT33 - Number of basic block where total number of arguments for all phi-nodes is in the interval [1, 5]: 0
FT34 - Number of switch instructions in the method: 0
FT35 - Number of unary operations in the method: 4
FT41 - Number of assignment instructions with the left operand an integer constant in the method: 0
FT42 - Number of binary operations with one of the operands an integer constant in the method: 22
FT43 - Number of calls with pointers as arguments: 4
FT44 - Number of calls with the number of arguments is greater than 4: 1
FT45 - Number of calls that return a pointer: 0
FT46 - Number of calls that return an integer: 4
FT47 - Number of occurrences of integer constant zero: 6
FT48 - Number of occurrences of 32-bit integer constants: 28
FT49 - Number of occurrences of integer constant one: 14
FT50 - Number of occurrences of 64-bit integer constants: 14
FT51 - Number of references of local variables in the method: 88
FT52 - Number of references (def/use) of static/extern variables in the method: 0
FT53 - Number of local variables referred in the method: 88
FT54 - Number of static/extern variables referred in the method: 0
FT55 - Number of local variables that are pointers in the method: 30
FT56 - Number of static/extern variables that are pointers in the method: 0


Método fatal

FT01 - Number of basic blocks in the method: 1
FT02 - Number of basic blocks with a single successor: 0
FT03 - Number of basic blocks with two successors: 0
FT04 - Number of basic blocks with more than two successors: 0
FT05 - Number of basic blocks with a single predecessor: 1
FT06 - Number of basic blocks with two predecessors: 0
FT07 - Number of basic blocks with more than two predecessors: 0
FT08 - Number of basic blocks with a single predecessor and a single successor: 0
FT09 - Number of basic blocks with a single predecessor and two successors: 0
FT10 - Number of basic blocks with a two predecessors and one successor: 0
FT11 - Number of basic blocks with two successors and two predecessors: 0
FT12 - Number of basic blocks with more than two successors and more than two predecessors: 0
FT13 - Number of basic blocks with number of instructions less than 15: 1
FT14 - Number of basic blocks with number of instructions in the interval [15, 500]: 0
FT15 - Number of basic blocks with number of instructions greater than 500: 0
FT16 - Number of edges in the control flow graph: 1
FT17 - Number of critical edges in the control flow graph: 0
FT18 - Number of abnormal edges in the control flow graph: 0
FT19 - Number of direct calls in the method: 2
FT20 - Number of conditional branches in the method: 0
FT21 - Number of assignment instructions in the method: 1
FT22 - Number of unconditional branches in the method: 0
FT25 - Number of instructions in the method: 3
FT26 - Average of number of instructions in basic blocks: 3
FT27 - Average of number of phi-nodes at the beginning of a basic block: 0
FT28 - Average of arguments for a phi-node: 0
FT29 - Number of basic blocks with no phi nodes: 1
FT30 - Number of basic blocks with phi nodes in the interval [0, 3]: 0
FT31 - Number of basic blocks with more than 3 phi nodes: 0
FT32 - Number of basic block where total number of arguments for all phi-nodes is in greater than 5: 0
FT33 - Number of basic block where total number of arguments for all phi-nodes is in the interval [1, 5]: 0
FT34 - Number of switch instructions in the method: 0
FT35 - Number of unary operations in the method: 0
FT41 - Number of assignment instructions with the left operand an integer constant in the method: 0
FT42 - Number of binary operations with one of the operands an integer constant in the method: 0
FT43 - Number of calls with pointers as arguments: 1
FT44 - Number of calls with the number of arguments is greater than 4: 0
FT45 - Number of calls that return a pointer: 0
FT46 - Number of calls that return an integer: 1
FT47 - Number of occurrences of integer constant zero: 0
FT48 - Number of occurrences of 32-bit integer constants: 1
FT49 - Number of occurrences of integer constant one: 1
FT50 - Number of occurrences of 64-bit integer constants: 0
FT51 - Number of references of local variables in the method: 0
FT52 - Number of references (def/use) of static/extern variables in the method: 1
FT53 - Number of local variables referred in the method: 0
FT54 - Number of static/extern variables referred in the method: 1
FT55 - Number of local variables that are pointers in the method: 0
FT56 - Number of static/extern variables that are pointers in the method: 1


Método fatalf

FT01 - Number of basic blocks in the method: 1
FT02 - Number of basic blocks with a single successor: 0
FT03 - Number of basic blocks with two successors: 0
FT04 - Number of basic blocks with more than two successors: 0
FT05 - Number of basic blocks with a single predecessor: 1
FT06 - Number of basic blocks with two predecessors: 0
FT07 - Number of basic blocks with more than two predecessors: 0
FT08 - Number of basic blocks with a single predecessor and a single successor: 0
FT09 - Number of basic blocks with a single predecessor and two successors: 0
FT10 - Number of basic blocks with a two predecessors and one successor: 0
FT11 - Number of basic blocks with two successors and two predecessors: 0
FT12 - Number of basic blocks with more than two successors and more than two predecessors: 0
FT13 - Number of basic blocks with number of instructions less than 15: 1
FT14 - Number of basic blocks with number of instructions in the interval [15, 500]: 0
FT15 - Number of basic blocks with number of instructions greater than 500: 0
FT16 - Number of edges in the control flow graph: 1
FT17 - Number of critical edges in the control flow graph: 0
FT18 - Number of abnormal edges in the control flow graph: 0
FT19 - Number of direct calls in the method: 3
FT20 - Number of conditional branches in the method: 0
FT21 - Number of assignment instructions in the method: 2
FT22 - Number of unconditional branches in the method: 0
FT25 - Number of instructions in the method: 5
FT26 - Average of number of instructions in basic blocks: 5
FT27 - Average of number of phi-nodes at the beginning of a basic block: 0
FT28 - Average of arguments for a phi-node: 0
FT29 - Number of basic blocks with no phi nodes: 1
FT30 - Number of basic blocks with phi nodes in the interval [0, 3]: 0
FT31 - Number of basic blocks with more than 3 phi nodes: 0
FT32 - Number of basic block where total number of arguments for all phi-nodes is in greater than 5: 0
FT33 - Number of basic block where total number of arguments for all phi-nodes is in the interval [1, 5]: 0
FT34 - Number of switch instructions in the method: 0
FT35 - Number of unary operations in the method: 0
FT41 - Number of assignment instructions with the left operand an integer constant in the method: 0
FT42 - Number of binary operations with one of the operands an integer constant in the method: 0
FT43 - Number of calls with pointers as arguments: 2
FT44 - Number of calls with the number of arguments is greater than 4: 0
FT45 - Number of calls that return a pointer: 0
FT46 - Number of calls that return an integer: 2
FT47 - Number of occurrences of integer constant zero: 0
FT48 - Number of occurrences of 32-bit integer constants: 2
FT49 - Number of occurrences of integer constant one: 1
FT50 - Number of occurrences of 64-bit integer constants: 0
FT51 - Number of references of local variables in the method: 0
FT52 - Number of references (def/use) of static/extern variables in the method: 2
FT53 - Number of local variables referred in the method: 0
FT54 - Number of static/extern variables referred in the method: 2
FT55 - Number of local variables that are pointers in the method: 0
FT56 - Number of static/extern variables that are pointers in the method: 2


Método ckopen

FT01 - Number of basic blocks in the method: 4
FT02 - Number of basic blocks with a single successor: 3
FT03 - Number of basic blocks with two successors: 1
FT04 - Number of basic blocks with more than two successors: 0
FT05 - Number of basic blocks with a single predecessor: 3
FT06 - Number of basic blocks with two predecessors: 1
FT07 - Number of basic blocks with more than two predecessors: 0
FT08 - Number of basic blocks with a single predecessor and a single successor: 2
FT09 - Number of basic blocks with a single predecessor and two successors: 1
FT10 - Number of basic blocks with a two predecessors and one successor: 1
FT11 - Number of basic blocks with two successors and two predecessors: 0
FT12 - Number of basic blocks with more than two successors and more than two predecessors: 0
FT13 - Number of basic blocks with number of instructions less than 15: 4
FT14 - Number of basic blocks with number of instructions in the interval [15, 500]: 0
FT15 - Number of basic blocks with number of instructions greater than 500: 0
FT16 - Number of edges in the control flow graph: 6
FT17 - Number of critical edges in the control flow graph: 1
FT18 - Number of abnormal edges in the control flow graph: 0
FT19 - Number of direct calls in the method: 2
FT20 - Number of conditional branches in the method: 1
FT21 - Number of assignment instructions in the method: 1
FT22 - Number of unconditional branches in the method: 0
FT25 - Number of instructions in the method: 6
FT26 - Average of number of instructions in basic blocks: 1
FT27 - Average of number of phi-nodes at the beginning of a basic block: 0
FT28 - Average of arguments for a phi-node: 0
FT29 - Number of basic blocks with no phi nodes: 4
FT30 - Number of basic blocks with phi nodes in the interval [0, 3]: 0
FT31 - Number of basic blocks with more than 3 phi nodes: 0
FT32 - Number of basic block where total number of arguments for all phi-nodes is in greater than 5: 0
FT33 - Number of basic block where total number of arguments for all phi-nodes is in the interval [1, 5]: 0
FT34 - Number of switch instructions in the method: 0
FT35 - Number of unary operations in the method: 0
FT41 - Number of assignment instructions with the left operand an integer constant in the method: 0
FT42 - Number of binary operations with one of the operands an integer constant in the method: 0
FT43 - Number of calls with pointers as arguments: 2
FT44 - Number of calls with the number of arguments is greater than 4: 0
FT45 - Number of calls that return a pointer: 1
FT46 - Number of calls that return an integer: 1
FT47 - Number of occurrences of integer constant zero: 1
FT48 - Number of occurrences of 32-bit integer constants: 0
FT49 - Number of occurrences of integer constant one: 0
FT50 - Number of occurrences of 64-bit integer constants: 1
FT51 - Number of references of local variables in the method: 5
FT52 - Number of references (def/use) of static/extern variables in the method: 0
FT53 - Number of local variables referred in the method: 5
FT54 - Number of static/extern variables referred in the method: 0
FT55 - Number of local variables that are pointers in the method: 5
FT56 - Number of static/extern variables that are pointers in the method: 0


Método Program

FT01 - Number of basic blocks in the method: 640
FT02 - Number of basic blocks with a single successor: 310
FT03 - Number of basic blocks with two successors: 325
FT04 - Number of basic blocks with more than two successors: 1
FT05 - Number of basic blocks with a single predecessor: 441
FT06 - Number of basic blocks with two predecessors: 151
FT07 - Number of basic blocks with more than two predecessors: 48
FT08 - Number of basic blocks with a single predecessor and a single successor: 245
FT09 - Number of basic blocks with a single predecessor and two successors: 193
FT10 - Number of basic blocks with a two predecessors and one successor: 45
FT11 - Number of basic blocks with two successors and two predecessors: 104
FT12 - Number of basic blocks with more than two successors and more than two predecessors: 0
FT13 - Number of basic blocks with number of instructions less than 15: 601
FT14 - Number of basic blocks with number of instructions in the interval [15, 500]: 39
FT15 - Number of basic blocks with number of instructions greater than 500: 0
FT16 - Number of edges in the control flow graph: 980
FT17 - Number of critical edges in the control flow graph: 232
FT18 - Number of abnormal edges in the control flow graph: 0
FT19 - Number of direct calls in the method: 92
FT20 - Number of conditional branches in the method: 325
FT21 - Number of assignment instructions in the method: 2433
FT22 - Number of unconditional branches in the method: 0
FT25 - Number of instructions in the method: 2881
FT26 - Average of number of instructions in basic blocks: 54
FT27 - Average of number of phi-nodes at the beginning of a basic block: 0
FT28 - Average of arguments for a phi-node: 0
FT29 - Number of basic blocks with no phi nodes: 640
FT30 - Number of basic blocks with phi nodes in the interval [0, 3]: 0
FT31 - Number of basic blocks with more than 3 phi nodes: 0
FT32 - Number of basic block where total number of arguments for all phi-nodes is in greater than 5: 0
FT33 - Number of basic block where total number of arguments for all phi-nodes is in the interval [1, 5]: 0
FT34 - Number of switch instructions in the method: 1
FT35 - Number of unary operations in the method: 293
FT41 - Number of assignment instructions with the left operand an integer constant in the method: 0
FT42 - Number of binary operations with one of the operands an integer constant in the method: 365
FT43 - Number of calls with pointers as arguments: 62
FT44 - Number of calls with the number of arguments is greater than 4: 15
FT45 - Number of calls that return a pointer: 30
FT46 - Number of calls that return an integer: 55
FT47 - Number of occurrences of integer constant zero: 133
FT48 - Number of occurrences of 32-bit integer constants: 306
FT49 - Number of occurrences of integer constant one: 123
FT50 - Number of occurrences of 64-bit integer constants: 283
FT51 - Number of references of local variables in the method: 1535
FT52 - Number of references (def/use) of static/extern variables in the method: 701
FT53 - Number of local variables referred in the method: 1535
FT54 - Number of static/extern variables referred in the method: 701
FT55 - Number of local variables that are pointers in the method: 114
FT56 - Number of static/extern variables that are pointers in the method: 355
