

Método mybasename

FT01 - Number of basic blocks in the method: 5
FT02 - Number of basic blocks with a single successor: 4
FT03 - Number of basic blocks with two successors: 1
FT04 - Number of basic blocks with more than two successors: 0
FT05 - Number of basic blocks with a single predecessor: 4
FT06 - Number of basic blocks with two predecessors: 1
FT07 - Number of basic blocks with more than two predecessors: 0
FT08 - Number of basic blocks with a single predecessor and a single successor: 3
FT09 - Number of basic blocks with a single predecessor and two successors: 1
FT10 - Number of basic blocks with a two predecessors and one successor: 1
FT11 - Number of basic blocks with two successors and two predecessors: 0
FT12 - Number of basic blocks with more than two successors and more than two predecessors: 0
FT13 - Number of basic blocks with number of instructions less than 15: 5
FT14 - Number of basic blocks with number of instructions in the interval [15, 500]: 0
FT15 - Number of basic blocks with number of instructions greater than 500: 0
FT16 - Number of edges in the control flow graph: 7
FT17 - Number of critical edges in the control flow graph: 0
FT18 - Number of abnormal edges in the control flow graph: 0
FT19 - Number of direct calls in the method: 1
FT20 - Number of conditional branches in the method: 1
FT21 - Number of assignment instructions in the method: 3
FT22 - Number of unconditional branches in the method: 0
FT23 - Number of binary integer operations in the method: 1
FT24 - Number of binary floating point operations in the method: 0
FT25 - Number of instructions in the method: 7
FT26 - Average of number of instructions in basic blocks: 1
FT27 - Average of number of phi-nodes at the beginning of a basic block: 0
FT28 - Average of arguments for a phi-node: 0
FT29 - Number of basic blocks with no phi nodes: 5
FT30 - Number of basic blocks with phi nodes in the interval [0, 3]: 0
FT31 - Number of basic blocks with more than 3 phi nodes: 0
FT32 - Number of basic block where total number of arguments for all phi-nodes is in greater than 5: 0
FT33 - Number of basic block where total number of arguments for all phi-nodes is in the interval [1, 5]: 0
FT34 - Number of switch instructions in the method: 0
FT35 - Number of unary operations in the method: 0
FT36 - Number of instruction that do pointer arithmetic in the method: 1
FT37 - Number of indirect references via pointers (* in C): 0
FT38 - Number of times the address of a variables is taken (& in C): 0
FT39 - Number of times the address of a function is taken (& in C): 0
FT40 - Number of indirect calls (i.e. done via pointers) in the method: 0
FT41 - Number of assignment instructions with the left operand an integer constant in the method: 0
FT42 - Number of binary operations with one of the operands an integer constant in the method: 1
FT43 - Number of calls with pointers as arguments: 1
FT44 - Number of calls with the number of arguments is greater than 4: 0
FT45 - Number of calls that return a pointer: 1
FT46 - Number of calls that return an integer: 0
FT47 - Number of occurrences of integer constant zero: 1
FT48 - Number of occurrences of 32-bit integer constants: 1
FT49 - Number of occurrences of integer constant one: 1
FT50 - Number of occurrences of 64-bit integer constants: 2
FT51 - Number of references of local variables in the method: 8
FT52 - Number of references (def/use) of static/extern variables in the method: 0
FT53 - Number of local variables referred in the method: 8
FT54 - Number of static/extern variables referred in the method: 0
FT55 - Number of local variables that are pointers in the method: 8
FT56 - Number of static/extern variables that are pointers in the method: 0


Método encode_char

FT01 - Number of basic blocks in the method: 2
FT02 - Number of basic blocks with a single successor: 2
FT03 - Number of basic blocks with two successors: 0
FT04 - Number of basic blocks with more than two successors: 0
FT05 - Number of basic blocks with a single predecessor: 2
FT06 - Number of basic blocks with two predecessors: 0
FT07 - Number of basic blocks with more than two predecessors: 0
FT08 - Number of basic blocks with a single predecessor and a single successor: 2
FT09 - Number of basic blocks with a single predecessor and two successors: 0
FT10 - Number of basic blocks with a two predecessors and one successor: 0
FT11 - Number of basic blocks with two successors and two predecessors: 0
FT12 - Number of basic blocks with more than two successors and more than two predecessors: 0
FT13 - Number of basic blocks with number of instructions less than 15: 2
FT14 - Number of basic blocks with number of instructions in the interval [15, 500]: 0
FT15 - Number of basic blocks with number of instructions greater than 500: 0
FT16 - Number of edges in the control flow graph: 3
FT17 - Number of critical edges in the control flow graph: 0
FT18 - Number of abnormal edges in the control flow graph: 0
FT19 - Number of direct calls in the method: 0
FT20 - Number of conditional branches in the method: 0
FT21 - Number of assignment instructions in the method: 3
FT22 - Number of unconditional branches in the method: 0
FT23 - Number of binary integer operations in the method: 2
FT24 - Number of binary floating point operations in the method: 0
FT25 - Number of instructions in the method: 5
FT26 - Average of number of instructions in basic blocks: 2
FT27 - Average of number of phi-nodes at the beginning of a basic block: 0
FT28 - Average of arguments for a phi-node: 0
FT29 - Number of basic blocks with no phi nodes: 2
FT30 - Number of basic blocks with phi nodes in the interval [0, 3]: 0
FT31 - Number of basic blocks with more than 3 phi nodes: 0
FT32 - Number of basic block where total number of arguments for all phi-nodes is in greater than 5: 0
FT33 - Number of basic block where total number of arguments for all phi-nodes is in the interval [1, 5]: 0
FT34 - Number of switch instructions in the method: 0
FT35 - Number of unary operations in the method: 1
FT36 - Number of instruction that do pointer arithmetic in the method: 0
FT37 - Number of indirect references via pointers (* in C): 0
FT38 - Number of times the address of a variables is taken (& in C): 0
FT39 - Number of times the address of a function is taken (& in C): 0
FT40 - Number of indirect calls (i.e. done via pointers) in the method: 0
FT41 - Number of assignment instructions with the left operand an integer constant in the method: 0
FT42 - Number of binary operations with one of the operands an integer constant in the method: 2
FT43 - Number of calls with pointers as arguments: 0
FT44 - Number of calls with the number of arguments is greater than 4: 0
FT45 - Number of calls that return a pointer: 0
FT46 - Number of calls that return an integer: 0
FT47 - Number of occurrences of integer constant zero: 0
FT48 - Number of occurrences of 32-bit integer constants: 2
FT49 - Number of occurrences of integer constant one: 0
FT50 - Number of occurrences of 64-bit integer constants: 0
FT51 - Number of references of local variables in the method: 2
FT52 - Number of references (def/use) of static/extern variables in the method: 0
FT53 - Number of local variables referred in the method: 2
FT54 - Number of static/extern variables referred in the method: 0
FT55 - Number of local variables that are pointers in the method: 0
FT56 - Number of static/extern variables that are pointers in the method: 0


Método encode_line

FT01 - Number of basic blocks in the method: 11
FT02 - Number of basic blocks with a single successor: 7
FT03 - Number of basic blocks with two successors: 4
FT04 - Number of basic blocks with more than two successors: 0
FT05 - Number of basic blocks with a single predecessor: 9
FT06 - Number of basic blocks with two predecessors: 1
FT07 - Number of basic blocks with more than two predecessors: 1
FT08 - Number of basic blocks with a single predecessor and a single successor: 6
FT09 - Number of basic blocks with a single predecessor and two successors: 3
FT10 - Number of basic blocks with a two predecessors and one successor: 0
FT11 - Number of basic blocks with two successors and two predecessors: 1
FT12 - Number of basic blocks with more than two successors and more than two predecessors: 0
FT13 - Number of basic blocks with number of instructions less than 15: 8
FT14 - Number of basic blocks with number of instructions in the interval [15, 500]: 3
FT15 - Number of basic blocks with number of instructions greater than 500: 0
FT16 - Number of edges in the control flow graph: 16
FT17 - Number of critical edges in the control flow graph: 1
FT18 - Number of abnormal edges in the control flow graph: 0
FT19 - Number of direct calls in the method: 10
FT20 - Number of conditional branches in the method: 4
FT21 - Number of assignment instructions in the method: 162
FT22 - Number of unconditional branches in the method: 0
FT23 - Number of binary integer operations in the method: 63
FT24 - Number of binary floating point operations in the method: 0
FT25 - Number of instructions in the method: 178
FT26 - Average of number of instructions in basic blocks: 16
FT27 - Average of number of phi-nodes at the beginning of a basic block: 0
FT28 - Average of arguments for a phi-node: 0
FT29 - Number of basic blocks with no phi nodes: 11
FT30 - Number of basic blocks with phi nodes in the interval [0, 3]: 0
FT31 - Number of basic blocks with more than 3 phi nodes: 0
FT32 - Number of basic block where total number of arguments for all phi-nodes is in greater than 5: 0
FT33 - Number of basic block where total number of arguments for all phi-nodes is in the interval [1, 5]: 0
FT34 - Number of switch instructions in the method: 0
FT35 - Number of unary operations in the method: 58
FT36 - Number of instruction that do pointer arithmetic in the method: 27
FT37 - Number of indirect references via pointers (* in C): 0
FT38 - Number of times the address of a variables is taken (& in C): 0
FT39 - Number of times the address of a function is taken (& in C): 0
FT40 - Number of indirect calls (i.e. done via pointers) in the method: 0
FT41 - Number of assignment instructions with the left operand an integer constant in the method: 0
FT42 - Number of binary operations with one of the operands an integer constant in the method: 33
FT43 - Number of calls with pointers as arguments: 0
FT44 - Number of calls with the number of arguments is greater than 4: 0
FT45 - Number of calls that return a pointer: 0
FT46 - Number of calls that return an integer: 10
FT47 - Number of occurrences of integer constant zero: 3
FT48 - Number of occurrences of 32-bit integer constants: 37
FT49 - Number of occurrences of integer constant one: 19
FT50 - Number of occurrences of 64-bit integer constants: 6
FT51 - Number of references of local variables in the method: 49
FT52 - Number of references (def/use) of static/extern variables in the method: 0
FT53 - Number of local variables referred in the method: 49
FT54 - Number of static/extern variables referred in the method: 0
FT55 - Number of local variables that are pointers in the method: 0
FT56 - Number of static/extern variables that are pointers in the method: 0


Método encode

FT01 - Number of basic blocks in the method: 9
FT02 - Number of basic blocks with a single successor: 7
FT03 - Number of basic blocks with two successors: 2
FT04 - Number of basic blocks with more than two successors: 0
FT05 - Number of basic blocks with a single predecessor: 7
FT06 - Number of basic blocks with two predecessors: 2
FT07 - Number of basic blocks with more than two predecessors: 0
FT08 - Number of basic blocks with a single predecessor and a single successor: 6
FT09 - Number of basic blocks with a single predecessor and two successors: 1
FT10 - Number of basic blocks with a two predecessors and one successor: 1
FT11 - Number of basic blocks with two successors and two predecessors: 1
FT12 - Number of basic blocks with more than two successors and more than two predecessors: 0
FT13 - Number of basic blocks with number of instructions less than 15: 9
FT14 - Number of basic blocks with number of instructions in the interval [15, 500]: 0
FT15 - Number of basic blocks with number of instructions greater than 500: 0
FT16 - Number of edges in the control flow graph: 12
FT17 - Number of critical edges in the control flow graph: 0
FT18 - Number of abnormal edges in the control flow graph: 0
FT19 - Number of direct calls in the method: 6
FT20 - Number of conditional branches in the method: 2
FT21 - Number of assignment instructions in the method: 8
FT22 - Number of unconditional branches in the method: 0
FT23 - Number of binary integer operations in the method: 5
FT24 - Number of binary floating point operations in the method: 0
FT25 - Number of instructions in the method: 18
FT26 - Average of number of instructions in basic blocks: 2
FT27 - Average of number of phi-nodes at the beginning of a basic block: 0
FT28 - Average of arguments for a phi-node: 0
FT29 - Number of basic blocks with no phi nodes: 9
FT30 - Number of basic blocks with phi nodes in the interval [0, 3]: 0
FT31 - Number of basic blocks with more than 3 phi nodes: 0
FT32 - Number of basic block where total number of arguments for all phi-nodes is in greater than 5: 0
FT33 - Number of basic block where total number of arguments for all phi-nodes is in the interval [1, 5]: 0
FT34 - Number of switch instructions in the method: 0
FT35 - Number of unary operations in the method: 0
FT36 - Number of instruction that do pointer arithmetic in the method: 2
FT37 - Number of indirect references via pointers (* in C): 0
FT38 - Number of times the address of a variables is taken (& in C): 0
FT39 - Number of times the address of a function is taken (& in C): 0
FT40 - Number of indirect calls (i.e. done via pointers) in the method: 0
FT41 - Number of assignment instructions with the left operand an integer constant in the method: 0
FT42 - Number of binary operations with one of the operands an integer constant in the method: 1
FT43 - Number of calls with pointers as arguments: 6
FT44 - Number of calls with the number of arguments is greater than 4: 0
FT45 - Number of calls that return a pointer: 2
FT46 - Number of calls that return an integer: 2
FT47 - Number of occurrences of integer constant zero: 1
FT48 - Number of occurrences of 32-bit integer constants: 4
FT49 - Number of occurrences of integer constant one: 0
FT50 - Number of occurrences of 64-bit integer constants: 1
FT51 - Number of references of local variables in the method: 14
FT52 - Number of references (def/use) of static/extern variables in the method: 0
FT53 - Number of local variables referred in the method: 14
FT54 - Number of static/extern variables referred in the method: 0
FT55 - Number of local variables that are pointers in the method: 2
FT56 - Number of static/extern variables that are pointers in the method: 0


Método do_encode

FT01 - Number of basic blocks in the method: 2
FT02 - Number of basic blocks with a single successor: 2
FT03 - Number of basic blocks with two successors: 0
FT04 - Number of basic blocks with more than two successors: 0
FT05 - Number of basic blocks with a single predecessor: 2
FT06 - Number of basic blocks with two predecessors: 0
FT07 - Number of basic blocks with more than two predecessors: 0
FT08 - Number of basic blocks with a single predecessor and a single successor: 2
FT09 - Number of basic blocks with a single predecessor and two successors: 0
FT10 - Number of basic blocks with a two predecessors and one successor: 0
FT11 - Number of basic blocks with two successors and two predecessors: 0
FT12 - Number of basic blocks with more than two successors and more than two predecessors: 0
FT13 - Number of basic blocks with number of instructions less than 15: 2
FT14 - Number of basic blocks with number of instructions in the interval [15, 500]: 0
FT15 - Number of basic blocks with number of instructions greater than 500: 0
FT16 - Number of edges in the control flow graph: 3
FT17 - Number of critical edges in the control flow graph: 0
FT18 - Number of abnormal edges in the control flow graph: 0
FT19 - Number of direct calls in the method: 8
FT20 - Number of conditional branches in the method: 0
FT21 - Number of assignment instructions in the method: 4
FT22 - Number of unconditional branches in the method: 0
FT23 - Number of binary integer operations in the method: 2
FT24 - Number of binary floating point operations in the method: 0
FT25 - Number of instructions in the method: 14
FT26 - Average of number of instructions in basic blocks: 7
FT27 - Average of number of phi-nodes at the beginning of a basic block: 0
FT28 - Average of arguments for a phi-node: 0
FT29 - Number of basic blocks with no phi nodes: 2
FT30 - Number of basic blocks with phi nodes in the interval [0, 3]: 0
FT31 - Number of basic blocks with more than 3 phi nodes: 0
FT32 - Number of basic block where total number of arguments for all phi-nodes is in greater than 5: 0
FT33 - Number of basic block where total number of arguments for all phi-nodes is in the interval [1, 5]: 0
FT34 - Number of switch instructions in the method: 0
FT35 - Number of unary operations in the method: 2
FT36 - Number of instruction that do pointer arithmetic in the method: 2
FT37 - Number of indirect references via pointers (* in C): 0
FT38 - Number of times the address of a variables is taken (& in C): 0
FT39 - Number of times the address of a function is taken (& in C): 0
FT40 - Number of indirect calls (i.e. done via pointers) in the method: 0
FT41 - Number of assignment instructions with the left operand an integer constant in the method: 0
FT42 - Number of binary operations with one of the operands an integer constant in the method: 0
FT43 - Number of calls with pointers as arguments: 8
FT44 - Number of calls with the number of arguments is greater than 4: 0
FT45 - Number of calls that return a pointer: 3
FT46 - Number of calls that return an integer: 4
FT47 - Number of occurrences of integer constant zero: 0
FT48 - Number of occurrences of 32-bit integer constants: 0
FT49 - Number of occurrences of integer constant one: 0
FT50 - Number of occurrences of 64-bit integer constants: 2
FT51 - Number of references of local variables in the method: 7
FT52 - Number of references (def/use) of static/extern variables in the method: 0
FT53 - Number of local variables referred in the method: 7
FT54 - Number of static/extern variables referred in the method: 0
FT55 - Number of local variables that are pointers in the method: 2
FT56 - Number of static/extern variables that are pointers in the method: 0


Método read_data

FT01 - Number of basic blocks in the method: 2
FT02 - Number of basic blocks with a single successor: 2
FT03 - Number of basic blocks with two successors: 0
FT04 - Number of basic blocks with more than two successors: 0
FT05 - Number of basic blocks with a single predecessor: 2
FT06 - Number of basic blocks with two predecessors: 0
FT07 - Number of basic blocks with more than two predecessors: 0
FT08 - Number of basic blocks with a single predecessor and a single successor: 2
FT09 - Number of basic blocks with a single predecessor and two successors: 0
FT10 - Number of basic blocks with a two predecessors and one successor: 0
FT11 - Number of basic blocks with two successors and two predecessors: 0
FT12 - Number of basic blocks with more than two successors and more than two predecessors: 0
FT13 - Number of basic blocks with number of instructions less than 15: 2
FT14 - Number of basic blocks with number of instructions in the interval [15, 500]: 0
FT15 - Number of basic blocks with number of instructions greater than 500: 0
FT16 - Number of edges in the control flow graph: 3
FT17 - Number of critical edges in the control flow graph: 0
FT18 - Number of abnormal edges in the control flow graph: 0
FT19 - Number of direct calls in the method: 1
FT20 - Number of conditional branches in the method: 0
FT21 - Number of assignment instructions in the method: 0
FT22 - Number of unconditional branches in the method: 0
FT23 - Number of binary integer operations in the method: 0
FT24 - Number of binary floating point operations in the method: 0
FT25 - Number of instructions in the method: 3
FT26 - Average of number of instructions in basic blocks: 1
FT27 - Average of number of phi-nodes at the beginning of a basic block: 0
FT28 - Average of arguments for a phi-node: 0
FT29 - Number of basic blocks with no phi nodes: 2
FT30 - Number of basic blocks with phi nodes in the interval [0, 3]: 0
FT31 - Number of basic blocks with more than 3 phi nodes: 0
FT32 - Number of basic block where total number of arguments for all phi-nodes is in greater than 5: 0
FT33 - Number of basic block where total number of arguments for all phi-nodes is in the interval [1, 5]: 0
FT34 - Number of switch instructions in the method: 0
FT35 - Number of unary operations in the method: 0
FT36 - Number of instruction that do pointer arithmetic in the method: 0
FT37 - Number of indirect references via pointers (* in C): 0
FT38 - Number of times the address of a variables is taken (& in C): 0
FT39 - Number of times the address of a function is taken (& in C): 0
FT40 - Number of indirect calls (i.e. done via pointers) in the method: 0
FT41 - Number of assignment instructions with the left operand an integer constant in the method: 0
FT42 - Number of binary operations with one of the operands an integer constant in the method: 0
FT43 - Number of calls with pointers as arguments: 1
FT44 - Number of calls with the number of arguments is greater than 4: 0
FT45 - Number of calls that return a pointer: 0
FT46 - Number of calls that return an integer: 1
FT47 - Number of occurrences of integer constant zero: 0
FT48 - Number of occurrences of 32-bit integer constants: 0
FT49 - Number of occurrences of integer constant one: 1
FT50 - Number of occurrences of 64-bit integer constants: 2
FT51 - Number of references of local variables in the method: 2
FT52 - Number of references (def/use) of static/extern variables in the method: 0
FT53 - Number of local variables referred in the method: 2
FT54 - Number of static/extern variables referred in the method: 0
FT55 - Number of local variables that are pointers in the method: 0
FT56 - Number of static/extern variables that are pointers in the method: 0


Método write_data

FT01 - Number of basic blocks in the method: 2
FT02 - Number of basic blocks with a single successor: 2
FT03 - Number of basic blocks with two successors: 0
FT04 - Number of basic blocks with more than two successors: 0
FT05 - Number of basic blocks with a single predecessor: 2
FT06 - Number of basic blocks with two predecessors: 0
FT07 - Number of basic blocks with more than two predecessors: 0
FT08 - Number of basic blocks with a single predecessor and a single successor: 2
FT09 - Number of basic blocks with a single predecessor and two successors: 0
FT10 - Number of basic blocks with a two predecessors and one successor: 0
FT11 - Number of basic blocks with two successors and two predecessors: 0
FT12 - Number of basic blocks with more than two successors and more than two predecessors: 0
FT13 - Number of basic blocks with number of instructions less than 15: 2
FT14 - Number of basic blocks with number of instructions in the interval [15, 500]: 0
FT15 - Number of basic blocks with number of instructions greater than 500: 0
FT16 - Number of edges in the control flow graph: 3
FT17 - Number of critical edges in the control flow graph: 0
FT18 - Number of abnormal edges in the control flow graph: 0
FT19 - Number of direct calls in the method: 1
FT20 - Number of conditional branches in the method: 0
FT21 - Number of assignment instructions in the method: 1
FT22 - Number of unconditional branches in the method: 0
FT23 - Number of binary integer operations in the method: 0
FT24 - Number of binary floating point operations in the method: 0
FT25 - Number of instructions in the method: 4
FT26 - Average of number of instructions in basic blocks: 2
FT27 - Average of number of phi-nodes at the beginning of a basic block: 0
FT28 - Average of arguments for a phi-node: 0
FT29 - Number of basic blocks with no phi nodes: 2
FT30 - Number of basic blocks with phi nodes in the interval [0, 3]: 0
FT31 - Number of basic blocks with more than 3 phi nodes: 0
FT32 - Number of basic block where total number of arguments for all phi-nodes is in greater than 5: 0
FT33 - Number of basic block where total number of arguments for all phi-nodes is in the interval [1, 5]: 0
FT34 - Number of switch instructions in the method: 0
FT35 - Number of unary operations in the method: 1
FT36 - Number of instruction that do pointer arithmetic in the method: 0
FT37 - Number of indirect references via pointers (* in C): 0
FT38 - Number of times the address of a variables is taken (& in C): 0
FT39 - Number of times the address of a function is taken (& in C): 0
FT40 - Number of indirect calls (i.e. done via pointers) in the method: 0
FT41 - Number of assignment instructions with the left operand an integer constant in the method: 0
FT42 - Number of binary operations with one of the operands an integer constant in the method: 0
FT43 - Number of calls with pointers as arguments: 1
FT44 - Number of calls with the number of arguments is greater than 4: 0
FT45 - Number of calls that return a pointer: 0
FT46 - Number of calls that return an integer: 1
FT47 - Number of occurrences of integer constant zero: 0
FT48 - Number of occurrences of 32-bit integer constants: 0
FT49 - Number of occurrences of integer constant one: 1
FT50 - Number of occurrences of 64-bit integer constants: 1
FT51 - Number of references of local variables in the method: 2
FT52 - Number of references (def/use) of static/extern variables in the method: 0
FT53 - Number of local variables referred in the method: 2
FT54 - Number of static/extern variables referred in the method: 0
FT55 - Number of local variables that are pointers in the method: 0
FT56 - Number of static/extern variables that are pointers in the method: 0


Método main

FT01 - Number of basic blocks in the method: 11
FT02 - Number of basic blocks with a single successor: 4
FT03 - Number of basic blocks with two successors: 4
FT04 - Number of basic blocks with more than two successors: 0
FT05 - Number of basic blocks with a single predecessor: 9
FT06 - Number of basic blocks with two predecessors: 2
FT07 - Number of basic blocks with more than two predecessors: 0
FT08 - Number of basic blocks with a single predecessor and a single successor: 4
FT09 - Number of basic blocks with a single predecessor and two successors: 2
FT10 - Number of basic blocks with a two predecessors and one successor: 0
FT11 - Number of basic blocks with two successors and two predecessors: 2
FT12 - Number of basic blocks with more than two successors and more than two predecessors: 0
FT13 - Number of basic blocks with number of instructions less than 15: 10
FT14 - Number of basic blocks with number of instructions in the interval [15, 500]: 1
FT15 - Number of basic blocks with number of instructions greater than 500: 0
FT16 - Number of edges in the control flow graph: 13
FT17 - Number of critical edges in the control flow graph: 0
FT18 - Number of abnormal edges in the control flow graph: 0
FT19 - Number of direct calls in the method: 13
FT20 - Number of conditional branches in the method: 4
FT21 - Number of assignment instructions in the method: 25
FT22 - Number of unconditional branches in the method: 0
FT23 - Number of binary integer operations in the method: 9
FT24 - Number of binary floating point operations in the method: 0
FT25 - Number of instructions in the method: 42
FT26 - Average of number of instructions in basic blocks: 3
FT27 - Average of number of phi-nodes at the beginning of a basic block: 0
FT28 - Average of arguments for a phi-node: 0
FT29 - Number of basic blocks with no phi nodes: 11
FT30 - Number of basic blocks with phi nodes in the interval [0, 3]: 0
FT31 - Number of basic blocks with more than 3 phi nodes: 0
FT32 - Number of basic block where total number of arguments for all phi-nodes is in greater than 5: 0
FT33 - Number of basic block where total number of arguments for all phi-nodes is in the interval [1, 5]: 0
FT34 - Number of switch instructions in the method: 0
FT35 - Number of unary operations in the method: 6
FT36 - Number of instruction that do pointer arithmetic in the method: 2
FT37 - Number of indirect references via pointers (* in C): 0
FT38 - Number of times the address of a variables is taken (& in C): 0
FT39 - Number of times the address of a function is taken (& in C): 0
FT40 - Number of indirect calls (i.e. done via pointers) in the method: 0
FT41 - Number of assignment instructions with the left operand an integer constant in the method: 0
FT42 - Number of binary operations with one of the operands an integer constant in the method: 6
FT43 - Number of calls with pointers as arguments: 8
FT44 - Number of calls with the number of arguments is greater than 4: 0
FT45 - Number of calls that return a pointer: 3
FT46 - Number of calls that return an integer: 6
FT47 - Number of occurrences of integer constant zero: 5
FT48 - Number of occurrences of 32-bit integer constants: 11
FT49 - Number of occurrences of integer constant one: 4
FT50 - Number of occurrences of 64-bit integer constants: 7
FT51 - Number of references of local variables in the method: 21
FT52 - Number of references (def/use) of static/extern variables in the method: 2
FT53 - Number of local variables referred in the method: 21
FT54 - Number of static/extern variables referred in the method: 2
FT55 - Number of local variables that are pointers in the method: 12
FT56 - Number of static/extern variables that are pointers in the method: 2


Método Program

FT01 - Number of basic blocks in the method: 44
FT02 - Number of basic blocks with a single successor: 30
FT03 - Number of basic blocks with two successors: 11
FT04 - Number of basic blocks with more than two successors: 0
FT05 - Number of basic blocks with a single predecessor: 37
FT06 - Number of basic blocks with two predecessors: 6
FT07 - Number of basic blocks with more than two predecessors: 1
FT08 - Number of basic blocks with a single predecessor and a single successor: 27
FT09 - Number of basic blocks with a single predecessor and two successors: 7
FT10 - Number of basic blocks with a two predecessors and one successor: 2
FT11 - Number of basic blocks with two successors and two predecessors: 4
FT12 - Number of basic blocks with more than two successors and more than two predecessors: 0
FT13 - Number of basic blocks with number of instructions less than 15: 40
FT14 - Number of basic blocks with number of instructions in the interval [15, 500]: 4
FT15 - Number of basic blocks with number of instructions greater than 500: 0
FT16 - Number of edges in the control flow graph: 60
FT17 - Number of critical edges in the control flow graph: 1
FT18 - Number of abnormal edges in the control flow graph: 0
FT19 - Number of direct calls in the method: 40
FT20 - Number of conditional branches in the method: 11
FT21 - Number of assignment instructions in the method: 206
FT22 - Number of unconditional branches in the method: 0
FT23 - Number of binary integer operations in the method: 82
FT24 - Number of binary floating point operations in the method: 0
FT25 - Number of instructions in the method: 271
FT26 - Average of number of instructions in basic blocks: 34
FT27 - Average of number of phi-nodes at the beginning of a basic block: 0
FT28 - Average of arguments for a phi-node: 0
FT29 - Number of basic blocks with no phi nodes: 44
FT30 - Number of basic blocks with phi nodes in the interval [0, 3]: 0
FT31 - Number of basic blocks with more than 3 phi nodes: 0
FT32 - Number of basic block where total number of arguments for all phi-nodes is in greater than 5: 0
FT33 - Number of basic block where total number of arguments for all phi-nodes is in the interval [1, 5]: 0
FT34 - Number of switch instructions in the method: 0
FT35 - Number of unary operations in the method: 68
FT36 - Number of instruction that do pointer arithmetic in the method: 34
FT37 - Number of indirect references via pointers (* in C): 0
FT38 - Number of times the address of a variables is taken (& in C): 0
FT39 - Number of times the address of a function is taken (& in C): 0
FT40 - Number of indirect calls (i.e. done via pointers) in the method: 0
FT41 - Number of assignment instructions with the left operand an integer constant in the method: 0
FT42 - Number of binary operations with one of the operands an integer constant in the method: 43
FT43 - Number of calls with pointers as arguments: 25
FT44 - Number of calls with the number of arguments is greater than 4: 0
FT45 - Number of calls that return a pointer: 9
FT46 - Number of calls that return an integer: 24
FT47 - Number of occurrences of integer constant zero: 10
FT48 - Number of occurrences of 32-bit integer constants: 55
FT49 - Number of occurrences of integer constant one: 26
FT50 - Number of occurrences of 64-bit integer constants: 21
FT51 - Number of references of local variables in the method: 105
FT52 - Number of references (def/use) of static/extern variables in the method: 2
FT53 - Number of local variables referred in the method: 105
FT54 - Number of static/extern variables referred in the method: 2
FT55 - Number of local variables that are pointers in the method: 24
FT56 - Number of static/extern variables that are pointers in the method: 2
